IOR-3.4.0+dev: MPI Coordinated Test of Parallel I/O
Began               : Mon Apr 11 18:20:08 2022
Command line        : /global/u2/g/glock/src/iopup/src/ior/bin.muller/ior -D 90 -l random -a posix -F -e -g -vv -C --posix.odirect -w -t 1m -b 1g -s 1024 -o /mscratch/sd/g/glock/ost1/data-primary.43239.out
Machine             : Linux nid001002 5.3.18-24.96_10.0.194-cray_shasta_c #1 SMP Wed Feb 16 04:24:37 UTC 2022 (50930b5) x86_64
TestID              : 0
StartTime           : Mon Apr 11 18:20:08 2022
Path                : /mscratch/sd/g/glock/ost1/data-primary.43239.out.00000000
FS                  : 242.5 TiB   Used FS: 10.2%   Inodes: 244.8 Mi   Used Inodes: 17.0%
Participating tasks : 32
Using reorderTasks '-C' (useful to avoid read cache in client)

Options: 
api                 : posix
apiVersion          : 
test filename       : /mscratch/sd/g/glock/ost1/data-primary.43239.out
access              : file-per-process
type                : independent
segments            : 1024
ordering in a file  : sequential
ordering inter file : constant task offset
task offset         : 1
nodes               : 2
tasks               : 32
clients per node    : 16
repetitions         : 1
xfersize            : 1 MiB
blocksize           : 1 GiB
aggregate filesize  : 32 TiB
verbose             : 2
stonewallingTime    : 90
stoneWallingWearOut : 0

Results: 
Using Time Stamp 1649726408 (0x6254d3c8) for Data Signature

access    bw(MiB/s)  IOPS       Latency(s)  block(KiB) xfer(KiB)  open(s)    wr/rd(s)   close(s)   total(s)   iter
------    ---------  ----       ----------  ---------- ---------  --------   --------   --------   --------   ----
Commencing write performance test: Mon Apr 11 18:20:08 2022
WARNING: Expected aggregate file size       = 35184372088832
WARNING: Stat() of aggregate file size      = 517476450304
WARNING: Using actual aggregate bytes moved = 517476450304
WARNING: Maybe caused by deadlineForStonewalling
write     5483       5483       0.087899    1048576    1024.00    0.003080   90.01      0.000922   90.01      0   
remove    -          -          -           -          -          -          -          -          0.002809   0   
Max Write: 5482.52 MiB/sec (5748.83 MB/sec)

Summary of all tests:
Operation   Max(MiB)   Min(MiB)  Mean(MiB)     StdDev   Max(OPs)   Min(OPs)  Mean(OPs)     StdDev    Mean(s) Stonewall(s) Stonewall(MiB) Test# #Tasks tPN reps fPP reord reordoff reordrand seed segcnt   blksiz    xsize aggs(MiB)   API RefNum
write        5482.52    5482.52    5482.52       0.00    5482.52    5482.52    5482.52       0.00   90.01415         NA            NA     0     32  16    1   1     1        1         0    0   1024 1073741824  1048576  493504.0 posix      0
darshan_library_warning: unable to create log file /pscratch/darshanlogs/2022/4/11/glock_ior_id43239-241046_4-11-66008-14155913589579733981.darshan_partial.
Finished            : Mon Apr 11 18:21:38 2022
