IOR-3.4.0+dev: MPI Coordinated Test of Parallel I/O
Began               : Mon Apr 11 18:12:36 2022
Command line        : /global/u2/g/glock/src/iopup/src/ior/bin.muller/ior -D 90 -l random -a posix -F -e -g -vv -C --posix.odirect -w -t 1m -b 1g -s 1024 -o /mscratch/sd/g/glock/ost1/data-primary.43239.out
Machine             : Linux nid001002 5.3.18-24.96_10.0.194-cray_shasta_c #1 SMP Wed Feb 16 04:24:37 UTC 2022 (50930b5) x86_64
TestID              : 0
StartTime           : Mon Apr 11 18:12:36 2022
Path                : /mscratch/sd/g/glock/ost1/data-primary.43239.out.00000000
FS                  : 242.5 TiB   Used FS: 10.2%   Inodes: 244.8 Mi   Used Inodes: 17.0%
Participating tasks : 80
Using reorderTasks '-C' (useful to avoid read cache in client)

Options: 
api                 : posix
apiVersion          : 
test filename       : /mscratch/sd/g/glock/ost1/data-primary.43239.out
access              : file-per-process
type                : independent
segments            : 1024
ordering in a file  : sequential
ordering inter file : constant task offset
task offset         : 1
nodes               : 5
tasks               : 80
clients per node    : 16
repetitions         : 1
xfersize            : 1 MiB
blocksize           : 1 GiB
aggregate filesize  : 80 TiB
verbose             : 2
stonewallingTime    : 90
stoneWallingWearOut : 0

Results: 
Using Time Stamp 1649725956 (0x6254d204) for Data Signature

access    bw(MiB/s)  IOPS       Latency(s)  block(KiB) xfer(KiB)  open(s)    wr/rd(s)   close(s)   total(s)   iter
------    ---------  ----       ----------  ---------- ---------  --------   --------   --------   --------   ----
Commencing write performance test: Mon Apr 11 18:12:36 2022
WARNING: Expected aggregate file size       = 87960930222080
WARNING: Stat() of aggregate file size      = 924179234816
WARNING: Using actual aggregate bytes moved = 924179234816
WARNING: Maybe caused by deadlineForStonewalling
write     9784       9788       0.087937    1048576    1024.00    0.038041   90.05      0.000517   90.09      0   
remove    -          -          -           -          -          -          -          -          0.003180   0   
Max Write: 9783.58 MiB/sec (10258.83 MB/sec)

Summary of all tests:
Operation   Max(MiB)   Min(MiB)  Mean(MiB)     StdDev   Max(OPs)   Min(OPs)  Mean(OPs)     StdDev    Mean(s) Stonewall(s) Stonewall(MiB) Test# #Tasks tPN reps fPP reord reordoff reordrand seed segcnt   blksiz    xsize aggs(MiB)   API RefNum
write        9783.58    9783.58    9783.58       0.00    9783.58    9783.58    9783.58       0.00   90.08626         NA            NA     0     80  16    1   1     1        1         0    0   1024 1073741824  1048576  881366.0 posix      0
darshan_library_warning: unable to create log file /pscratch/darshanlogs/2022/4/11/glock_ior_id43239-238709_4-11-65555-14155913589579733981.darshan_partial.
Finished            : Mon Apr 11 18:14:06 2022
