IOR-3.4.0+dev: MPI Coordinated Test of Parallel I/O
Began               : Mon Apr 11 18:22:55 2022
Command line        : /global/u2/g/glock/src/iopup/src/ior/bin.muller/ior -D 45 -l random -a posix -F -e -g -vv -C --posix.odirect -w -t 4k -b 1g -s 1024 -z -o /mscratch/sd/g/glock/ost1/data-secondary.43239.out
Machine             : Linux nid001003 5.3.18-24.96_10.0.194-cray_shasta_c #1 SMP Wed Feb 16 04:24:37 UTC 2022 (50930b5) x86_64
TestID              : 0
StartTime           : Mon Apr 11 18:22:55 2022
Path                : /mscratch/sd/g/glock/ost1/data-secondary.43239.out.00000000
FS                  : 242.5 TiB   Used FS: 10.2%   Inodes: 244.8 Mi   Used Inodes: 17.0%
Participating tasks : 112
Using reorderTasks '-C' (useful to avoid read cache in client)

Options: 
api                 : posix
apiVersion          : 
test filename       : /mscratch/sd/g/glock/ost1/data-secondary.43239.out
access              : file-per-process
type                : independent
segments            : 1024
ordering in a file  : random
ordering inter file : constant task offset
task offset         : 1
nodes               : 7
tasks               : 112
clients per node    : 16
repetitions         : 1
xfersize            : 4096 bytes
blocksize           : 1 GiB
aggregate filesize  : 112 TiB
verbose             : 2
stonewallingTime    : 45
stoneWallingWearOut : 0

Results: 
Using Time Stamp 1649726575 (0x6254d46f) for Data Signature

access    bw(MiB/s)  IOPS       Latency(s)  block(KiB) xfer(KiB)  open(s)    wr/rd(s)   close(s)   total(s)   iter
------    ---------  ----       ----------  ---------- ---------  --------   --------   --------   --------   ----
Commencing write performance test: Mon Apr 11 18:22:55 2022
WARNING: Expected aggregate file size       = 123145302310912
WARNING: Stat() of aggregate file size      = 120212750336
WARNING: Using actual aggregate bytes moved = 1303965696
WARNING: Maybe caused by deadlineForStonewalling
write     27.59      7071       0.000172    1048576    4.00       0.048723   45.02      0.001005   45.07      0   
remove    -          -          -           -          -          -          -          -          0.003481   0   
Max Write: 27.59 MiB/sec (28.93 MB/sec)

Summary of all tests:
Operation   Max(MiB)   Min(MiB)  Mean(MiB)     StdDev   Max(OPs)   Min(OPs)  Mean(OPs)     StdDev    Mean(s) Stonewall(s) Stonewall(MiB) Test# #Tasks tPN reps fPP reord reordoff reordrand seed segcnt   blksiz    xsize aggs(MiB)   API RefNum
write          27.59      27.59      27.59       0.00    7063.65    7063.65    7063.65       0.00   45.06894         NA            NA     0    112  16    1   1     1        1         0    0   1024 1073741824     4096    1243.6 posix      0
darshan_library_warning: unable to create log file /pscratch/darshanlogs/2022/4/11/glock_ior_id43239-241317_4-11-66175-4398064457696101709.darshan_partial.
Finished            : Mon Apr 11 18:23:40 2022
