IOR-3.4.0+dev: MPI Coordinated Test of Parallel I/O
Began               : Wed Apr 13 12:05:55 2022
Command line        : /global/u2/g/glock/src/iopup/src/ior/bin.muller/ior -D 45 -l random -a posix -F -e -g -vv -C --posix.odirect -w -t 4k -b 1g -s 1024 -z -o /mscratch/sd/g/glock/ost1/data-secondary.43508.out
Machine             : Linux nid001004 5.3.18-24.96_10.0.194-cray_shasta_c #1 SMP Wed Feb 16 04:24:37 UTC 2022 (50930b5) x86_64
TestID              : 0
StartTime           : Wed Apr 13 12:05:55 2022
Path                : /mscratch/sd/g/glock/ost1/data-secondary.43508.out.00000000
FS                  : 242.5 TiB   Used FS: 10.2%   Inodes: 244.8 Mi   Used Inodes: 17.0%
Participating tasks : 768
Using reorderTasks '-C' (useful to avoid read cache in client)

Options: 
api                 : posix
apiVersion          : 
test filename       : /mscratch/sd/g/glock/ost1/data-secondary.43508.out
access              : file-per-process
type                : independent
segments            : 1024
ordering in a file  : random
ordering inter file : constant task offset
task offset         : 1
nodes               : 12
tasks               : 768
clients per node    : 64
repetitions         : 1
xfersize            : 4096 bytes
blocksize           : 1 GiB
aggregate filesize  : 768 TiB
verbose             : 2
stonewallingTime    : 45
stoneWallingWearOut : 0

Results: 
Using Time Stamp 1649876755 (0x62571f13) for Data Signature

access    bw(MiB/s)  IOPS       Latency(s)  block(KiB) xfer(KiB)  open(s)    wr/rd(s)   close(s)   total(s)   iter
------    ---------  ----       ----------  ---------- ---------  --------   --------   --------   --------   ----
Commencing write performance test: Wed Apr 13 12:05:55 2022
WARNING: Expected aggregate file size       = 844424930131968
WARNING: Stat() of aggregate file size      = 822254501888
WARNING: Using actual aggregate bytes moved = 3665547264
WARNING: Maybe caused by deadlineForStonewalling
write     77.53      19870      0.000172    1048576    4.00       0.051562   45.04      0.002468   45.09      0   
remove    -          -          -           -          -          -          -          -          0.012130   0   
Max Write: 77.53 MiB/sec (81.29 MB/sec)

Summary of all tests:
Operation   Max(MiB)   Min(MiB)  Mean(MiB)     StdDev   Max(OPs)   Min(OPs)  Mean(OPs)     StdDev    Mean(s) Stonewall(s) Stonewall(MiB) Test# #Tasks tPN reps fPP reord reordoff reordrand seed segcnt   blksiz    xsize aggs(MiB)   API RefNum
write          77.53      77.53      77.53       0.00   19846.56   19846.56   19846.56       0.00   45.09139         NA            NA     0    768  64    1   1     1        1         0    0   1024 1073741824     4096    3495.7 posix      0
darshan_library_warning: unable to create log file /pscratch/darshanlogs/2022/4/13/glock_ior_id43508-255663_4-13-43554-1652151803743694752.darshan_partial.
Finished            : Wed Apr 13 12:06:40 2022
