IOR-3.4.0+dev: MPI Coordinated Test of Parallel I/O
Began               : Wed Apr 13 12:03:20 2022
Command line        : /global/u2/g/glock/src/iopup/src/ior/bin.muller/ior -D 45 -l random -a posix -F -e -g -vv -C --posix.odirect -w -t 4k -b 1g -s 1024 -z -o /mscratch/sd/g/glock/ost1/data-secondary.43508.out
Machine             : Linux nid001006 5.3.18-24.96_10.0.194-cray_shasta_c #1 SMP Wed Feb 16 04:24:37 UTC 2022 (50930b5) x86_64
TestID              : 0
StartTime           : Wed Apr 13 12:03:20 2022
Path                : /mscratch/sd/g/glock/ost1/data-secondary.43508.out.00000000
FS                  : 242.5 TiB   Used FS: 10.2%   Inodes: 244.8 Mi   Used Inodes: 17.0%
Participating tasks : 640
Using reorderTasks '-C' (useful to avoid read cache in client)

Options: 
api                 : posix
apiVersion          : 
test filename       : /mscratch/sd/g/glock/ost1/data-secondary.43508.out
access              : file-per-process
type                : independent
segments            : 1024
ordering in a file  : random
ordering inter file : constant task offset
task offset         : 1
nodes               : 10
tasks               : 640
clients per node    : 64
repetitions         : 1
xfersize            : 4096 bytes
blocksize           : 1 GiB
aggregate filesize  : 640 TiB
verbose             : 2
stonewallingTime    : 45
stoneWallingWearOut : 0

Results: 
Using Time Stamp 1649876600 (0x62571e78) for Data Signature

access    bw(MiB/s)  IOPS       Latency(s)  block(KiB) xfer(KiB)  open(s)    wr/rd(s)   close(s)   total(s)   iter
------    ---------  ----       ----------  ---------- ---------  --------   --------   --------   --------   ----
Commencing write performance test: Wed Apr 13 12:03:20 2022
WARNING: Expected aggregate file size       = 703687441776640
WARNING: Stat() of aggregate file size      = 685375516672
WARNING: Using actual aggregate bytes moved = 3684900864
WARNING: Maybe caused by deadlineForStonewalling
write     77.95      19977      0.000172    1048576    4.00       0.048988   45.03      0.002034   45.09      0   
remove    -          -          -           -          -          -          -          -          0.011887   0   
Max Write: 77.95 MiB/sec (81.73 MB/sec)

Summary of all tests:
Operation   Max(MiB)   Min(MiB)  Mean(MiB)     StdDev   Max(OPs)   Min(OPs)  Mean(OPs)     StdDev    Mean(s) Stonewall(s) Stonewall(MiB) Test# #Tasks tPN reps fPP reord reordoff reordrand seed segcnt   blksiz    xsize aggs(MiB)   API RefNum
write          77.95      77.95      77.95       0.00   19954.07   19954.07   19954.07       0.00   45.08525         NA            NA     0    640  64    1   1     1        1         0    0   1024 1073741824     4096    3514.2 posix      0
darshan_library_warning: unable to create log file /pscratch/darshanlogs/2022/4/13/glock_ior_id43508-19815_4-13-43399-8289668654160742516.darshan_partial.
Finished            : Wed Apr 13 12:04:05 2022
