IOR-3.4.0+dev: MPI Coordinated Test of Parallel I/O
Began               : Wed Apr 13 12:07:05 2022
Command line        : /global/u2/g/glock/src/iopup/src/ior/bin.muller/ior -D 45 -l random -a posix -F -e -g -vv -C --posix.odirect -w -t 4k -b 1g -s 1024 -z -o /mscratch/sd/g/glock/ost1/data-secondary.43508.out
Machine             : Linux nid001004 5.3.18-24.96_10.0.194-cray_shasta_c #1 SMP Wed Feb 16 04:24:37 UTC 2022 (50930b5) x86_64
TestID              : 0
StartTime           : Wed Apr 13 12:07:05 2022
Path                : /mscratch/sd/g/glock/ost1/data-secondary.43508.out.00000000
FS                  : 242.5 TiB   Used FS: 10.3%   Inodes: 244.8 Mi   Used Inodes: 17.0%
Participating tasks : 768
Using reorderTasks '-C' (useful to avoid read cache in client)

Options: 
api                 : posix
apiVersion          : 
test filename       : /mscratch/sd/g/glock/ost1/data-secondary.43508.out
access              : file-per-process
type                : independent
segments            : 1024
ordering in a file  : random
ordering inter file : constant task offset
task offset         : 1
nodes               : 12
tasks               : 768
clients per node    : 64
repetitions         : 1
xfersize            : 4096 bytes
blocksize           : 1 GiB
aggregate filesize  : 768 TiB
verbose             : 2
stonewallingTime    : 45
stoneWallingWearOut : 0

Results: 
Using Time Stamp 1649876825 (0x62571f59) for Data Signature

access    bw(MiB/s)  IOPS       Latency(s)  block(KiB) xfer(KiB)  open(s)    wr/rd(s)   close(s)   total(s)   iter
------    ---------  ----       ----------  ---------- ---------  --------   --------   --------   --------   ----
Commencing write performance test: Wed Apr 13 12:07:05 2022
WARNING: Expected aggregate file size       = 844424930131968
WARNING: Stat() of aggregate file size      = 815867817984
WARNING: Using actual aggregate bytes moved = 1896079360
WARNING: Maybe caused by deadlineForStonewalling
write     38.42      9847       0.000172    1048576    4.00       0.054665   47.01      0.002476   47.07      0   
remove    -          -          -           -          -          -          -          -          0.012252   0   
Max Write: 38.42 MiB/sec (40.29 MB/sec)

Summary of all tests:
Operation   Max(MiB)   Min(MiB)  Mean(MiB)     StdDev   Max(OPs)   Min(OPs)  Mean(OPs)     StdDev    Mean(s) Stonewall(s) Stonewall(MiB) Test# #Tasks tPN reps fPP reord reordoff reordrand seed segcnt   blksiz    xsize aggs(MiB)   API RefNum
write          38.42      38.42      38.42       0.00    9835.33    9835.33    9835.33       0.00   47.06602         NA            NA     0    768  64    1   1     1        1         0    0   1024 1073741824     4096    1808.2 posix      0
darshan_library_warning: unable to create log file /pscratch/darshanlogs/2022/4/13/glock_ior_id43508-257851_4-13-43624-1652151803743694752.darshan_partial.
Finished            : Wed Apr 13 12:07:52 2022
