IOR-3.4.0+dev: MPI Coordinated Test of Parallel I/O
Began               : Tue Apr 12 16:11:09 2022
Command line        : /global/u2/g/glock/src/iopup/src/ior/bin.muller/ior -D 45 -l random -a posix -F -e -g -vv -C --posix.odirect -w -t 4k -b 1g -s 1024 -z -o /mscratch/sd/g/glock/ost1/data-secondary.43477.out
Machine             : Linux nid001006 5.3.18-24.96_10.0.194-cray_shasta_c #1 SMP Wed Feb 16 04:24:37 UTC 2022 (50930b5) x86_64
TestID              : 0
StartTime           : Tue Apr 12 16:11:09 2022
Path                : /mscratch/sd/g/glock/ost1/data-secondary.43477.out.00000000
FS                  : 242.5 TiB   Used FS: 10.6%   Inodes: 244.8 Mi   Used Inodes: 17.0%
Participating tasks : 640
Using reorderTasks '-C' (useful to avoid read cache in client)

Options: 
api                 : posix
apiVersion          : 
test filename       : /mscratch/sd/g/glock/ost1/data-secondary.43477.out
access              : file-per-process
type                : independent
segments            : 1024
ordering in a file  : random
ordering inter file : constant task offset
task offset         : 1
nodes               : 10
tasks               : 640
clients per node    : 64
repetitions         : 1
xfersize            : 4096 bytes
blocksize           : 1 GiB
aggregate filesize  : 640 TiB
verbose             : 2
stonewallingTime    : 45
stoneWallingWearOut : 0

Results: 
Using Time Stamp 1649805069 (0x6256070d) for Data Signature

access    bw(MiB/s)  IOPS       Latency(s)  block(KiB) xfer(KiB)  open(s)    wr/rd(s)   close(s)   total(s)   iter
------    ---------  ----       ----------  ---------- ---------  --------   --------   --------   --------   ----
Commencing write performance test: Tue Apr 12 16:11:10 2022
WARNING: Expected aggregate file size       = 703687441776640
WARNING: Stat() of aggregate file size      = 686563000320
WARNING: Using actual aggregate bytes moved = 3155378176
WARNING: Maybe caused by deadlineForStonewalling
write     66.73      17104      0.000172    1048576    4.00       0.053162   45.04      0.002220   45.10      0   
remove    -          -          -           -          -          -          -          -          0.011769   0   
Max Write: 66.73 MiB/sec (69.97 MB/sec)

Summary of all tests:
Operation   Max(MiB)   Min(MiB)  Mean(MiB)     StdDev   Max(OPs)   Min(OPs)  Mean(OPs)     StdDev    Mean(s) Stonewall(s) Stonewall(MiB) Test# #Tasks tPN reps fPP reord reordoff reordrand seed segcnt   blksiz    xsize aggs(MiB)   API RefNum
write          66.73      66.73      66.73       0.00   17082.94   17082.94   17082.94       0.00   45.09505         NA            NA     0    640  64    1   1     1        1         0    0   1024 1073741824     4096    3009.2 posix      0
darshan_library_warning: unable to create log file /pscratch/darshanlogs/2022/4/12/glock_ior_id43477-162938_4-12-58269-8289668654160742516.darshan_partial.
Finished            : Tue Apr 12 16:11:55 2022
