IOR-3.4.0+dev: MPI Coordinated Test of Parallel I/O
Began               : Tue Apr 12 16:09:45 2022
Command line        : /global/u2/g/glock/src/iopup/src/ior/bin.muller/ior -D 45 -l random -a posix -F -e -g -vv -C --posix.odirect -w -t 4k -b 1g -s 1024 -z -o /mscratch/sd/g/glock/ost1/data-secondary.43477.out
Machine             : Linux nid001008 5.3.18-24.96_10.0.194-cray_shasta_c #1 SMP Wed Feb 16 04:24:37 UTC 2022 (50930b5) x86_64
TestID              : 0
StartTime           : Tue Apr 12 16:09:45 2022
Path                : /mscratch/sd/g/glock/ost1/data-secondary.43477.out.00000000
FS                  : 242.5 TiB   Used FS: 10.3%   Inodes: 244.8 Mi   Used Inodes: 17.0%
Participating tasks : 512
Using reorderTasks '-C' (useful to avoid read cache in client)

Options: 
api                 : posix
apiVersion          : 
test filename       : /mscratch/sd/g/glock/ost1/data-secondary.43477.out
access              : file-per-process
type                : independent
segments            : 1024
ordering in a file  : random
ordering inter file : constant task offset
task offset         : 1
nodes               : 8
tasks               : 512
clients per node    : 64
repetitions         : 1
xfersize            : 4096 bytes
blocksize           : 1 GiB
aggregate filesize  : 512 TiB
verbose             : 2
stonewallingTime    : 45
stoneWallingWearOut : 0

Results: 
Using Time Stamp 1649804985 (0x625606b9) for Data Signature

access    bw(MiB/s)  IOPS       Latency(s)  block(KiB) xfer(KiB)  open(s)    wr/rd(s)   close(s)   total(s)   iter
------    ---------  ----       ----------  ---------- ---------  --------   --------   --------   --------   ----
Commencing write performance test: Tue Apr 12 16:09:45 2022
WARNING: Expected aggregate file size       = 562949953421312
WARNING: Stat() of aggregate file size      = 535722196992
WARNING: Using actual aggregate bytes moved = 944148480
WARNING: Maybe caused by deadlineForStonewalling
write     17.04      4364       0.000186    1048576    4.00       0.014374   52.81      0.002261   52.83      0   
remove    -          -          -           -          -          -          -          -          0.011495   0   
Max Write: 17.04 MiB/sec (17.87 MB/sec)

Summary of all tests:
Operation   Max(MiB)   Min(MiB)  Mean(MiB)     StdDev   Max(OPs)   Min(OPs)  Mean(OPs)     StdDev    Mean(s) Stonewall(s) Stonewall(MiB) Test# #Tasks tPN reps fPP reord reordoff reordrand seed segcnt   blksiz    xsize aggs(MiB)   API RefNum
write          17.04      17.04      17.04       0.00    4363.00    4363.00    4363.00       0.00   52.83177         NA            NA     0    512  64    1   1     1        1         0    0   1024 1073741824     4096     900.4 posix      0
darshan_library_warning: unable to create log file /pscratch/darshanlogs/2022/4/12/glock_ior_id43477-184280_4-12-58184-12526898899730621661.darshan_partial.
Finished            : Tue Apr 12 16:10:38 2022
