IOR-3.4.0+dev: MPI Coordinated Test of Parallel I/O
Began               : Tue Apr 12 15:49:09 2022
Command line        : /global/u2/g/glock/src/iopup/src/ior/bin.muller/ior -D 45 -l random -a posix -F -e -g -vv -C --posix.odirect -w -t 4k -b 1g -s 1024 -z -o /mscratch/sd/g/glock/ost1/data-secondary.43474.out
Machine             : Linux nid001002 5.3.18-24.96_10.0.194-cray_shasta_c #1 SMP Wed Feb 16 04:24:37 UTC 2022 (50930b5) x86_64
TestID              : 0
StartTime           : Tue Apr 12 15:49:09 2022
Path                : /mscratch/sd/g/glock/ost1/data-secondary.43474.out.00000000
FS                  : 242.5 TiB   Used FS: 10.2%   Inodes: 244.8 Mi   Used Inodes: 17.0%
Participating tasks : 1792
Using reorderTasks '-C' (useful to avoid read cache in client)

Options: 
api                 : posix
apiVersion          : 
test filename       : /mscratch/sd/g/glock/ost1/data-secondary.43474.out
access              : file-per-process
type                : independent
segments            : 1024
ordering in a file  : random
ordering inter file : constant task offset
task offset         : 1
nodes               : 14
tasks               : 1792
clients per node    : 128
repetitions         : 1
xfersize            : 4096 bytes
blocksize           : 1 GiB
aggregate filesize  : 1792 TiB
verbose             : 2
stonewallingTime    : 45
stoneWallingWearOut : 0

Results: 
Using Time Stamp 1649803749 (0x625601e5) for Data Signature

access    bw(MiB/s)  IOPS       Latency(s)  block(KiB) xfer(KiB)  open(s)    wr/rd(s)   close(s)   total(s)   iter
------    ---------  ----       ----------  ---------- ---------  --------   --------   --------   --------   ----
Commencing write performance test: Tue Apr 12 15:49:10 2022
WARNING: Expected aggregate file size       = 1970324836974592
WARNING: Stat() of aggregate file size      = 1920177537024
WARNING: Using actual aggregate bytes moved = 3190812672
WARNING: Maybe caused by deadlineForStonewalling
write     67.26      17263      0.000172    1048576    4.00       0.109564   45.13      0.004657   45.24      0   
remove    -          -          -           -          -          -          -          -          0.024954   0   
Max Write: 67.26 MiB/sec (70.53 MB/sec)

Summary of all tests:
Operation   Max(MiB)   Min(MiB)  Mean(MiB)     StdDev   Max(OPs)   Min(OPs)  Mean(OPs)     StdDev    Mean(s) Stonewall(s) Stonewall(MiB) Test# #Tasks tPN reps fPP reord reordoff reordrand seed segcnt   blksiz    xsize aggs(MiB)   API RefNum
write          67.26      67.26      67.26       0.00   17219.21   17219.21   17219.21       0.00   45.24059         NA            NA     0   1792 128    1   1     1        1         0    0   1024 1073741824     4096    3043.0 posix      0
darshan_library_warning: unable to create log file /pscratch/darshanlogs/2022/4/12/glock_ior_id43474-118085_4-12-56948-14155913589579733981.darshan_partial.
Finished            : Tue Apr 12 15:49:55 2022
