
Lmod is automatically replacing "nvidia/21.11" with "gcc/11.2.0".


Lmod is automatically replacing "PrgEnv-nvidia/8.2.0" with "PrgEnv-gnu/8.2.0".

Lmod has detected the following error: Warning: Python module not loaded, you
already have Python loaded via conda init. 
While processing the following module(s):
    Module fullname              Module Filename
    ---------------              ---------------
    python/3.9-anaconda-2021.11  /global/common/software/nersc/pm-2022.03.1/extra_modulefiles/python/3.9-anaconda-2021.11.lua


CommandNotFoundError: Your shell has not been properly configured to use 'conda activate'.
To initialize your shell, run

    $ conda init <SHELL_NAME>

Currently supported shells are:
  - bash
  - fish
  - tcsh
  - xonsh
  - zsh
  - powershell

See 'conda init --help' for more information and options.

IMPORTANT: You may need to close and restart your shell after running 'conda init'.


2022-04-12 15:33:15,642 INFO Launching quiet write iops on 2 secondary nodes
2022-04-12 15:33:15,646 INFO Executing: srun --nodelist nid001014,nid001015 -N 2 -n 256 /global/u2/g/glock/src/iopup/src/ior/bin.muller/ior -D 45 -l random -a posix -F -e -g -vv -C --posix.odirect -w -t 4k -b 1g -s 1024 -z -o /mscratch/sd/g/glock/ost1/data-secondary.43474.out
2022-04-12 15:33:15,646 DEBUG Directing stdout to secondary_quiet.14p-2s.43474.out
2022-04-12 15:33:15,646 DEBUG Directing stderr to secondary_quiet.14p-2s.43474.out
2022-04-12 15:34:11,211 INFO Finished quiet workload; ran from 2022-04-12 15:33:15.648448 to 2022-04-12 15:34:06.204899 (50.6 seconds)
2022-04-12 15:34:11,214 INFO Launching noisy write bw on 14 primary nodes
2022-04-12 15:34:11,217 INFO Launching noisy write iops on 2 secondary nodes
2022-04-12 15:34:11,218 INFO Executing: srun --nodelist nid001000,nid001001,nid001002,nid001003,nid001004,nid001005,nid001006,nid001007,nid001008,nid001009,nid001010,nid001011,nid001012,nid001013 -N 14 -n 448 /global/u2/g/glock/src/iopup/src/ior/bin.muller/ior -D 90 -l random -a posix -F -e -g -vv -C --posix.odirect -w -t 32m -b 1g -s 1024 -o /mscratch/sd/g/glock/ost1/data-primary.43474.out
2022-04-12 15:34:11,219 DEBUG Directing stdout to primary_noisy.14p-2s.43474.out
2022-04-12 15:34:11,219 DEBUG Directing stderr to primary_noisy.14p-2s.43474.out
2022-04-12 15:34:26,234 INFO Executing: srun --nodelist nid001014,nid001015 -N 2 -n 256 /global/u2/g/glock/src/iopup/src/ior/bin.muller/ior -D 45 -l random -a posix -F -e -g -vv -C --posix.odirect -w -t 4k -b 1g -s 1024 -z -o /mscratch/sd/g/glock/ost1/data-secondary.43474.out
2022-04-12 15:34:26,237 DEBUG Directing stdout to secondary_noisy.14p-2s.43474.out
2022-04-12 15:34:26,237 DEBUG Directing stderr to secondary_noisy.14p-2s.43474.out
2022-04-12 15:35:51,937 INFO Finished noisy workload 0; ran from 2022-04-12 15:34:11.221088 to 2022-04-12 15:35:46.931664 (95.7 seconds)
2022-04-12 15:35:51,940 INFO Finished noisy workload 1; ran from 2022-04-12 15:34:26.239614 to 2022-04-12 15:35:18.067229 (51.8 seconds)
2022-04-12 15:35:51,940 INFO Launching quiet write iops on 4 secondary nodes
2022-04-12 15:35:51,945 INFO Executing: srun --nodelist nid001012,nid001013,nid001014,nid001015 -N 4 -n 512 /global/u2/g/glock/src/iopup/src/ior/bin.muller/ior -D 45 -l random -a posix -F -e -g -vv -C --posix.odirect -w -t 4k -b 1g -s 1024 -z -o /mscratch/sd/g/glock/ost1/data-secondary.43474.out
2022-04-12 15:35:51,946 DEBUG Directing stdout to secondary_quiet.12p-4s.43474.out
2022-04-12 15:35:51,946 DEBUG Directing stderr to secondary_quiet.12p-4s.43474.out
2022-04-12 15:36:47,749 INFO Finished quiet workload; ran from 2022-04-12 15:35:51.947795 to 2022-04-12 15:36:42.742811 (50.8 seconds)
2022-04-12 15:36:47,752 INFO Launching noisy write bw on 12 primary nodes
2022-04-12 15:36:47,754 INFO Launching noisy write iops on 4 secondary nodes
2022-04-12 15:36:47,756 INFO Executing: srun --nodelist nid001000,nid001001,nid001002,nid001003,nid001004,nid001005,nid001006,nid001007,nid001008,nid001009,nid001010,nid001011 -N 12 -n 384 /global/u2/g/glock/src/iopup/src/ior/bin.muller/ior -D 90 -l random -a posix -F -e -g -vv -C --posix.odirect -w -t 32m -b 1g -s 1024 -o /mscratch/sd/g/glock/ost1/data-primary.43474.out
2022-04-12 15:36:47,756 DEBUG Directing stdout to primary_noisy.12p-4s.43474.out
2022-04-12 15:36:47,756 DEBUG Directing stderr to primary_noisy.12p-4s.43474.out
2022-04-12 15:37:02,771 INFO Executing: srun --nodelist nid001012,nid001013,nid001014,nid001015 -N 4 -n 512 /global/u2/g/glock/src/iopup/src/ior/bin.muller/ior -D 45 -l random -a posix -F -e -g -vv -C --posix.odirect -w -t 4k -b 1g -s 1024 -z -o /mscratch/sd/g/glock/ost1/data-secondary.43474.out
2022-04-12 15:37:02,774 DEBUG Directing stdout to secondary_noisy.12p-4s.43474.out
2022-04-12 15:37:02,774 DEBUG Directing stderr to secondary_noisy.12p-4s.43474.out
2022-04-12 15:38:30,768 INFO Finished noisy workload 0; ran from 2022-04-12 15:36:47.757980 to 2022-04-12 15:38:25.762330 (98.0 seconds)
2022-04-12 15:38:30,771 INFO Finished noisy workload 1; ran from 2022-04-12 15:37:02.776881 to 2022-04-12 15:38:00.395274 (57.6 seconds)
2022-04-12 15:38:30,772 INFO Launching quiet write iops on 6 secondary nodes
2022-04-12 15:38:30,776 INFO Executing: srun --nodelist nid001010,nid001011,nid001012,nid001013,nid001014,nid001015 -N 6 -n 768 /global/u2/g/glock/src/iopup/src/ior/bin.muller/ior -D 45 -l random -a posix -F -e -g -vv -C --posix.odirect -w -t 4k -b 1g -s 1024 -z -o /mscratch/sd/g/glock/ost1/data-secondary.43474.out
2022-04-12 15:38:30,776 DEBUG Directing stdout to secondary_quiet.10p-6s.43474.out
2022-04-12 15:38:30,776 DEBUG Directing stderr to secondary_quiet.10p-6s.43474.out
2022-04-12 15:39:28,190 INFO Finished quiet workload; ran from 2022-04-12 15:38:30.778534 to 2022-04-12 15:39:23.183599 (52.4 seconds)
2022-04-12 15:39:28,190 INFO Launching noisy write bw on 10 primary nodes
2022-04-12 15:39:28,201 INFO Launching noisy write iops on 6 secondary nodes
2022-04-12 15:39:28,221 INFO Executing: srun --nodelist nid001000,nid001001,nid001002,nid001003,nid001004,nid001005,nid001006,nid001007,nid001008,nid001009 -N 10 -n 320 /global/u2/g/glock/src/iopup/src/ior/bin.muller/ior -D 90 -l random -a posix -F -e -g -vv -C --posix.odirect -w -t 32m -b 1g -s 1024 -o /mscratch/sd/g/glock/ost1/data-primary.43474.out
2022-04-12 15:39:28,221 DEBUG Directing stdout to primary_noisy.10p-6s.43474.out
2022-04-12 15:39:28,221 DEBUG Directing stderr to primary_noisy.10p-6s.43474.out
2022-04-12 15:39:43,236 INFO Executing: srun --nodelist nid001010,nid001011,nid001012,nid001013,nid001014,nid001015 -N 6 -n 768 /global/u2/g/glock/src/iopup/src/ior/bin.muller/ior -D 45 -l random -a posix -F -e -g -vv -C --posix.odirect -w -t 4k -b 1g -s 1024 -z -o /mscratch/sd/g/glock/ost1/data-secondary.43474.out
2022-04-12 15:39:43,237 DEBUG Directing stdout to secondary_noisy.10p-6s.43474.out
2022-04-12 15:39:43,237 DEBUG Directing stderr to secondary_noisy.10p-6s.43474.out
2022-04-12 15:41:07,804 INFO Finished noisy workload 0; ran from 2022-04-12 15:39:28.223879 to 2022-04-12 15:41:02.797323 (94.6 seconds)
2022-04-12 15:41:07,804 INFO Finished noisy workload 1; ran from 2022-04-12 15:39:43.239663 to 2022-04-12 15:40:33.840753 (50.6 seconds)
2022-04-12 15:41:07,805 INFO Launching quiet write iops on 8 secondary nodes
2022-04-12 15:41:07,811 INFO Executing: srun --nodelist nid001008,nid001009,nid001010,nid001011,nid001012,nid001013,nid001014,nid001015 -N 8 -n 1024 /global/u2/g/glock/src/iopup/src/ior/bin.muller/ior -D 45 -l random -a posix -F -e -g -vv -C --posix.odirect -w -t 4k -b 1g -s 1024 -z -o /mscratch/sd/g/glock/ost1/data-secondary.43474.out
2022-04-12 15:41:07,811 DEBUG Directing stdout to secondary_quiet.8p-8s.43474.out
2022-04-12 15:41:07,811 DEBUG Directing stderr to secondary_quiet.8p-8s.43474.out
2022-04-12 15:42:04,424 INFO Finished quiet workload; ran from 2022-04-12 15:41:07.812992 to 2022-04-12 15:41:59.416957 (51.6 seconds)
2022-04-12 15:42:04,424 INFO Launching noisy write bw on 8 primary nodes
2022-04-12 15:42:04,428 INFO Launching noisy write iops on 8 secondary nodes
2022-04-12 15:42:04,443 INFO Executing: srun --nodelist nid001000,nid001001,nid001002,nid001003,nid001004,nid001005,nid001006,nid001007 -N 8 -n 256 /global/u2/g/glock/src/iopup/src/ior/bin.muller/ior -D 90 -l random -a posix -F -e -g -vv -C --posix.odirect -w -t 32m -b 1g -s 1024 -o /mscratch/sd/g/glock/ost1/data-primary.43474.out
2022-04-12 15:42:04,443 DEBUG Directing stdout to primary_noisy.8p-8s.43474.out
2022-04-12 15:42:04,443 DEBUG Directing stderr to primary_noisy.8p-8s.43474.out
2022-04-12 15:42:19,458 INFO Executing: srun --nodelist nid001008,nid001009,nid001010,nid001011,nid001012,nid001013,nid001014,nid001015 -N 8 -n 1024 /global/u2/g/glock/src/iopup/src/ior/bin.muller/ior -D 45 -l random -a posix -F -e -g -vv -C --posix.odirect -w -t 4k -b 1g -s 1024 -z -o /mscratch/sd/g/glock/ost1/data-secondary.43474.out
2022-04-12 15:42:19,458 DEBUG Directing stdout to secondary_noisy.8p-8s.43474.out
2022-04-12 15:42:19,459 DEBUG Directing stderr to secondary_noisy.8p-8s.43474.out
2022-04-12 15:43:46,192 INFO Finished noisy workload 0; ran from 2022-04-12 15:42:04.445277 to 2022-04-12 15:43:41.186059 (96.7 seconds)
2022-04-12 15:43:46,193 INFO Finished noisy workload 1; ran from 2022-04-12 15:42:19.461325 to 2022-04-12 15:43:16.872193 (57.4 seconds)
2022-04-12 15:43:46,196 INFO Launching quiet write iops on 10 secondary nodes
2022-04-12 15:43:46,201 INFO Executing: srun --nodelist nid001006,nid001007,nid001008,nid001009,nid001010,nid001011,nid001012,nid001013,nid001014,nid001015 -N 10 -n 1280 /global/u2/g/glock/src/iopup/src/ior/bin.muller/ior -D 45 -l random -a posix -F -e -g -vv -C --posix.odirect -w -t 4k -b 1g -s 1024 -z -o /mscratch/sd/g/glock/ost1/data-secondary.43474.out
2022-04-12 15:43:46,201 DEBUG Directing stdout to secondary_quiet.6p-10s.43474.out
2022-04-12 15:43:46,201 DEBUG Directing stderr to secondary_quiet.6p-10s.43474.out
2022-04-12 15:44:44,324 INFO Finished quiet workload; ran from 2022-04-12 15:43:46.203445 to 2022-04-12 15:44:39.318048 (53.1 seconds)
2022-04-12 15:44:44,325 INFO Launching noisy write bw on 6 primary nodes
2022-04-12 15:44:44,330 INFO Launching noisy write iops on 10 secondary nodes
2022-04-12 15:44:44,332 INFO Executing: srun --nodelist nid001000,nid001001,nid001002,nid001003,nid001004,nid001005 -N 6 -n 192 /global/u2/g/glock/src/iopup/src/ior/bin.muller/ior -D 90 -l random -a posix -F -e -g -vv -C --posix.odirect -w -t 32m -b 1g -s 1024 -o /mscratch/sd/g/glock/ost1/data-primary.43474.out
2022-04-12 15:44:44,332 DEBUG Directing stdout to primary_noisy.6p-10s.43474.out
2022-04-12 15:44:44,332 DEBUG Directing stderr to primary_noisy.6p-10s.43474.out
2022-04-12 15:44:59,347 INFO Executing: srun --nodelist nid001006,nid001007,nid001008,nid001009,nid001010,nid001011,nid001012,nid001013,nid001014,nid001015 -N 10 -n 1280 /global/u2/g/glock/src/iopup/src/ior/bin.muller/ior -D 45 -l random -a posix -F -e -g -vv -C --posix.odirect -w -t 4k -b 1g -s 1024 -z -o /mscratch/sd/g/glock/ost1/data-secondary.43474.out
2022-04-12 15:44:59,347 DEBUG Directing stdout to secondary_noisy.6p-10s.43474.out
2022-04-12 15:44:59,347 DEBUG Directing stderr to secondary_noisy.6p-10s.43474.out
2022-04-12 15:46:27,252 INFO Finished noisy workload 0; ran from 2022-04-12 15:44:44.334330 to 2022-04-12 15:46:22.245709 (97.9 seconds)
2022-04-12 15:46:27,254 INFO Finished noisy workload 1; ran from 2022-04-12 15:44:59.349758 to 2022-04-12 15:45:55.436701 (56.1 seconds)
2022-04-12 15:46:27,255 INFO Launching quiet write iops on 12 secondary nodes
2022-04-12 15:46:27,261 INFO Executing: srun --nodelist nid001004,nid001005,nid001006,nid001007,nid001008,nid001009,nid001010,nid001011,nid001012,nid001013,nid001014,nid001015 -N 12 -n 1536 /global/u2/g/glock/src/iopup/src/ior/bin.muller/ior -D 45 -l random -a posix -F -e -g -vv -C --posix.odirect -w -t 4k -b 1g -s 1024 -z -o /mscratch/sd/g/glock/ost1/data-secondary.43474.out
2022-04-12 15:46:27,261 DEBUG Directing stdout to secondary_quiet.4p-12s.43474.out
2022-04-12 15:46:27,261 DEBUG Directing stderr to secondary_quiet.4p-12s.43474.out
2022-04-12 15:47:24,421 INFO Finished quiet workload; ran from 2022-04-12 15:46:27.262998 to 2022-04-12 15:47:19.414468 (52.2 seconds)
2022-04-12 15:47:24,421 INFO Launching noisy write bw on 4 primary nodes
2022-04-12 15:47:24,426 INFO Launching noisy write iops on 12 secondary nodes
2022-04-12 15:47:24,427 INFO Executing: srun --nodelist nid001000,nid001001,nid001002,nid001003 -N 4 -n 128 /global/u2/g/glock/src/iopup/src/ior/bin.muller/ior -D 90 -l random -a posix -F -e -g -vv -C --posix.odirect -w -t 32m -b 1g -s 1024 -o /mscratch/sd/g/glock/ost1/data-primary.43474.out
2022-04-12 15:47:24,427 DEBUG Directing stdout to primary_noisy.4p-12s.43474.out
2022-04-12 15:47:24,427 DEBUG Directing stderr to primary_noisy.4p-12s.43474.out
2022-04-12 15:47:39,442 INFO Executing: srun --nodelist nid001004,nid001005,nid001006,nid001007,nid001008,nid001009,nid001010,nid001011,nid001012,nid001013,nid001014,nid001015 -N 12 -n 1536 /global/u2/g/glock/src/iopup/src/ior/bin.muller/ior -D 45 -l random -a posix -F -e -g -vv -C --posix.odirect -w -t 4k -b 1g -s 1024 -z -o /mscratch/sd/g/glock/ost1/data-secondary.43474.out
2022-04-12 15:47:39,443 DEBUG Directing stdout to secondary_noisy.4p-12s.43474.out
2022-04-12 15:47:39,443 DEBUG Directing stderr to secondary_noisy.4p-12s.43474.out
2022-04-12 15:49:02,160 INFO Finished noisy workload 0; ran from 2022-04-12 15:47:24.429405 to 2022-04-12 15:48:57.153710 (92.7 seconds)
2022-04-12 15:49:02,160 INFO Finished noisy workload 1; ran from 2022-04-12 15:47:39.445458 to 2022-04-12 15:48:36.470741 (57.0 seconds)
2022-04-12 15:49:02,161 INFO Launching quiet write iops on 14 secondary nodes
2022-04-12 15:49:02,167 INFO Executing: srun --nodelist nid001002,nid001003,nid001004,nid001005,nid001006,nid001007,nid001008,nid001009,nid001010,nid001011,nid001012,nid001013,nid001014,nid001015 -N 14 -n 1792 /global/u2/g/glock/src/iopup/src/ior/bin.muller/ior -D 45 -l random -a posix -F -e -g -vv -C --posix.odirect -w -t 4k -b 1g -s 1024 -z -o /mscratch/sd/g/glock/ost1/data-secondary.43474.out
2022-04-12 15:49:02,167 DEBUG Directing stdout to secondary_quiet.2p-14s.43474.out
2022-04-12 15:49:02,167 DEBUG Directing stderr to secondary_quiet.2p-14s.43474.out
2022-04-12 15:50:00,761 INFO Finished quiet workload; ran from 2022-04-12 15:49:02.169491 to 2022-04-12 15:49:55.754150 (53.6 seconds)
2022-04-12 15:50:00,762 INFO Launching noisy write bw on 2 primary nodes
2022-04-12 15:50:00,765 INFO Launching noisy write iops on 14 secondary nodes
2022-04-12 15:50:00,778 INFO Executing: srun --nodelist nid001000,nid001001 -N 2 -n 64 /global/u2/g/glock/src/iopup/src/ior/bin.muller/ior -D 90 -l random -a posix -F -e -g -vv -C --posix.odirect -w -t 32m -b 1g -s 1024 -o /mscratch/sd/g/glock/ost1/data-primary.43474.out
2022-04-12 15:50:00,778 DEBUG Directing stdout to primary_noisy.2p-14s.43474.out
2022-04-12 15:50:00,778 DEBUG Directing stderr to primary_noisy.2p-14s.43474.out
2022-04-12 15:50:15,793 INFO Executing: srun --nodelist nid001002,nid001003,nid001004,nid001005,nid001006,nid001007,nid001008,nid001009,nid001010,nid001011,nid001012,nid001013,nid001014,nid001015 -N 14 -n 1792 /global/u2/g/glock/src/iopup/src/ior/bin.muller/ior -D 45 -l random -a posix -F -e -g -vv -C --posix.odirect -w -t 4k -b 1g -s 1024 -z -o /mscratch/sd/g/glock/ost1/data-secondary.43474.out
2022-04-12 15:50:15,793 DEBUG Directing stdout to secondary_noisy.2p-14s.43474.out
2022-04-12 15:50:15,793 DEBUG Directing stderr to secondary_noisy.2p-14s.43474.out
2022-04-12 15:51:36,826 INFO Finished noisy workload 0; ran from 2022-04-12 15:50:00.780250 to 2022-04-12 15:51:31.819639 (91.0 seconds)
2022-04-12 15:51:36,826 INFO Finished noisy workload 1; ran from 2022-04-12 15:50:15.795889 to 2022-04-12 15:51:09.500223 (53.7 seconds)
