IOR-3.4.0+dev: MPI Coordinated Test of Parallel I/O
Began               : Tue Apr 12 11:35:32 2022
Command line        : /global/u2/g/glock/src/iopup/src/ior/bin.muller/ior -D 45 -l random -a posix -F -e -g -vv -C --posix.odirect -w -t 4k -b 1g -s 1024 -z -o /mscratch/sd/g/glock/ost1/data-secondary.43470.out
Machine             : Linux nid001010 5.3.18-24.96_10.0.194-cray_shasta_c #1 SMP Wed Feb 16 04:24:37 UTC 2022 (50930b5) x86_64
TestID              : 0
StartTime           : Tue Apr 12 11:35:32 2022
Path                : /mscratch/sd/g/glock/ost1/data-secondary.43470.out.00000000
FS                  : 242.5 TiB   Used FS: 10.6%   Inodes: 244.8 Mi   Used Inodes: 17.0%
Participating tasks : 384
Using reorderTasks '-C' (useful to avoid read cache in client)

Options: 
api                 : posix
apiVersion          : 
test filename       : /mscratch/sd/g/glock/ost1/data-secondary.43470.out
access              : file-per-process
type                : independent
segments            : 1024
ordering in a file  : random
ordering inter file : constant task offset
task offset         : 1
nodes               : 6
tasks               : 384
clients per node    : 64
repetitions         : 1
xfersize            : 4096 bytes
blocksize           : 1 GiB
aggregate filesize  : 384 TiB
verbose             : 2
stonewallingTime    : 45
stoneWallingWearOut : 0

Results: 
Using Time Stamp 1649788532 (0x6255c674) for Data Signature

access    bw(MiB/s)  IOPS       Latency(s)  block(KiB) xfer(KiB)  open(s)    wr/rd(s)   close(s)   total(s)   iter
------    ---------  ----       ----------  ---------- ---------  --------   --------   --------   --------   ----
Commencing write performance test: Tue Apr 12 11:35:32 2022
WARNING: Expected aggregate file size       = 422212465065984
WARNING: Stat() of aggregate file size      = 411944665088
WARNING: Using actual aggregate bytes moved = 2812125184
WARNING: Maybe caused by deadlineForStonewalling
write     59.41      15228      0.000172    1048576    4.00       0.050496   45.09      0.001652   45.14      0   
remove    -          -          -           -          -          -          -          -          0.010613   0   
Max Write: 59.41 MiB/sec (62.30 MB/sec)

Summary of all tests:
Operation   Max(MiB)   Min(MiB)  Mean(MiB)     StdDev   Max(OPs)   Min(OPs)  Mean(OPs)     StdDev    Mean(s) Stonewall(s) Stonewall(MiB) Test# #Tasks tPN reps fPP reord reordoff reordrand seed segcnt   blksiz    xsize aggs(MiB)   API RefNum
write          59.41      59.41      59.41       0.00   15210.00   15210.00   15210.00       0.00   45.13833         NA            NA     0    384  64    1   1     1        1         0    0   1024 1073741824     4096    2681.9 posix      0
darshan_library_warning: unable to create log file /pscratch/darshanlogs/2022/4/12/glock_ior_id43470-20698_4-12-41732-11276600743930855804.darshan_partial.
Finished            : Tue Apr 12 11:36:18 2022
