IOR-3.4.0+dev: MPI Coordinated Test of Parallel I/O
Began               : Tue Apr 12 11:12:46 2022
Command line        : /global/u2/g/glock/src/iopup/src/ior/bin.muller/ior -D 90 -l random -a posix -F -e -g -vv -C --posix.odirect -w -t 1m -b 1g -s 1024 -o /mscratch/sd/g/glock/ost1/data-primary.43449.out
Machine             : Linux nid001000 5.3.18-24.96_10.0.194-cray_shasta_c #1 SMP Wed Feb 16 04:24:37 UTC 2022 (50930b5) x86_64
TestID              : 0
StartTime           : Tue Apr 12 11:12:46 2022
Path                : /mscratch/sd/g/glock/ost1/data-primary.43449.out.00000000
FS                  : 242.5 TiB   Used FS: 10.2%   Inodes: 244.8 Mi   Used Inodes: 17.0%
Participating tasks : 192
Using reorderTasks '-C' (useful to avoid read cache in client)

Options: 
api                 : posix
apiVersion          : 
test filename       : /mscratch/sd/g/glock/ost1/data-primary.43449.out
access              : file-per-process
type                : independent
segments            : 1024
ordering in a file  : sequential
ordering inter file : constant task offset
task offset         : 1
nodes               : 6
tasks               : 192
clients per node    : 32
repetitions         : 1
xfersize            : 1 MiB
blocksize           : 1 GiB
aggregate filesize  : 192 TiB
verbose             : 2
stonewallingTime    : 90
stoneWallingWearOut : 0

Results: 
Using Time Stamp 1649787166 (0x6255c11e) for Data Signature

access    bw(MiB/s)  IOPS       Latency(s)  block(KiB) xfer(KiB)  open(s)    wr/rd(s)   close(s)   total(s)   iter
------    ---------  ----       ----------  ---------- ---------  --------   --------   --------   --------   ----
Commencing write performance test: Tue Apr 12 11:12:46 2022
WARNING: Expected aggregate file size       = 211106232532992
WARNING: Stat() of aggregate file size      = 814038908928
WARNING: Using actual aggregate bytes moved = 814038908928
WARNING: Maybe caused by deadlineForStonewalling
write     8624       8625       0.087903    1048576    1024.00    0.008745   90.01      0.000876   90.02      0   
remove    -          -          -           -          -          -          -          -          0.006095   0   
Max Write: 8623.71 MiB/sec (9042.61 MB/sec)

Summary of all tests:
Operation   Max(MiB)   Min(MiB)  Mean(MiB)     StdDev   Max(OPs)   Min(OPs)  Mean(OPs)     StdDev    Mean(s) Stonewall(s) Stonewall(MiB) Test# #Tasks tPN reps fPP reord reordoff reordrand seed segcnt   blksiz    xsize aggs(MiB)   API RefNum
write        8623.71    8623.71    8623.71       0.00    8623.71    8623.71    8623.71       0.00   90.02252         NA            NA     0    192  32    1   1     1        1         0    0   1024 1073741824  1048576  776328.0 posix      0
darshan_library_warning: unable to create log file /pscratch/darshanlogs/2022/4/12/glock_ior_id43449-10839_4-12-40366-12546876807756323818.darshan_partial.
Finished            : Tue Apr 12 11:14:16 2022
