IOR-3.4.0+dev: MPI Coordinated Test of Parallel I/O
Began               : Tue Apr 12 11:02:17 2022
Command line        : /global/u2/g/glock/src/iopup/src/ior/bin.muller/ior -D 90 -l random -a posix -F -e -g -vv -C --posix.odirect -w -t 1m -b 1g -s 1024 -o /mscratch/sd/g/glock/ost1/data-primary.43449.out
Machine             : Linux nid001000 5.3.18-24.96_10.0.194-cray_shasta_c #1 SMP Wed Feb 16 04:24:37 UTC 2022 (50930b5) x86_64
TestID              : 0
StartTime           : Tue Apr 12 11:02:17 2022
Path                : /mscratch/sd/g/glock/ost1/data-primary.43449.out.00000000
FS                  : 242.5 TiB   Used FS: 10.2%   Inodes: 244.8 Mi   Used Inodes: 17.0%
Participating tasks : 448
Using reorderTasks '-C' (useful to avoid read cache in client)

Options: 
api                 : posix
apiVersion          : 
test filename       : /mscratch/sd/g/glock/ost1/data-primary.43449.out
access              : file-per-process
type                : independent
segments            : 1024
ordering in a file  : sequential
ordering inter file : constant task offset
task offset         : 1
nodes               : 14
tasks               : 448
clients per node    : 32
repetitions         : 1
xfersize            : 1 MiB
blocksize           : 1 GiB
aggregate filesize  : 448 TiB
verbose             : 2
stonewallingTime    : 90
stoneWallingWearOut : 0

Results: 
Using Time Stamp 1649786537 (0x6255bea9) for Data Signature

access    bw(MiB/s)  IOPS       Latency(s)  block(KiB) xfer(KiB)  open(s)    wr/rd(s)   close(s)   total(s)   iter
------    ---------  ----       ----------  ---------- ---------  --------   --------   --------   --------   ----
Commencing write performance test: Tue Apr 12 11:02:17 2022
WARNING: Expected aggregate file size       = 492581209243648
WARNING: Stat() of aggregate file size      = 1984092438528
WARNING: Using actual aggregate bytes moved = 1984092438528
WARNING: Maybe caused by deadlineForStonewalling
write     20335      20352      0.090047    1048576    1024.00    0.075215   92.97      0.001615   93.05      0   
remove    -          -          -           -          -          -          -          -          0.006861   0   
Max Write: 20334.84 MiB/sec (21322.62 MB/sec)

Summary of all tests:
Operation   Max(MiB)   Min(MiB)  Mean(MiB)     StdDev   Max(OPs)   Min(OPs)  Mean(OPs)     StdDev    Mean(s) Stonewall(s) Stonewall(MiB) Test# #Tasks tPN reps fPP reord reordoff reordrand seed segcnt   blksiz    xsize aggs(MiB)   API RefNum
write       20334.84   20334.84   20334.84       0.00   20334.84   20334.84   20334.84       0.00   93.05106         NA            NA     0    448  32    1   1     1        1         0    0   1024 1073741824  1048576 1892178.0 posix      0
darshan_library_warning: unable to create log file /pscratch/darshanlogs/2022/4/12/glock_ior_id43449-6190_4-12-39736-12546876807756323818.darshan_partial.
Finished            : Tue Apr 12 11:03:50 2022
