IOR-3.4.0+dev: MPI Coordinated Test of Parallel I/O
Began               : Tue Apr 12 11:10:21 2022
Command line        : /global/u2/g/glock/src/iopup/src/ior/bin.muller/ior -D 45 -l random -a posix -F -e -g -vv -C --posix.odirect -w -t 4k -b 1g -s 1024 -z -o /mscratch/sd/g/glock/ost1/data-secondary.43449.out
Machine             : Linux nid001008 5.3.18-24.96_10.0.194-cray_shasta_c #1 SMP Wed Feb 16 04:24:37 UTC 2022 (50930b5) x86_64
TestID              : 0
StartTime           : Tue Apr 12 11:10:21 2022
Path                : /mscratch/sd/g/glock/ost1/data-secondary.43449.out.00000000
FS                  : 242.5 TiB   Used FS: 10.3%   Inodes: 244.8 Mi   Used Inodes: 17.0%
Participating tasks : 256
Using reorderTasks '-C' (useful to avoid read cache in client)

Options: 
api                 : posix
apiVersion          : 
test filename       : /mscratch/sd/g/glock/ost1/data-secondary.43449.out
access              : file-per-process
type                : independent
segments            : 1024
ordering in a file  : random
ordering inter file : constant task offset
task offset         : 1
nodes               : 8
tasks               : 256
clients per node    : 32
repetitions         : 1
xfersize            : 4096 bytes
blocksize           : 1 GiB
aggregate filesize  : 256 TiB
verbose             : 2
stonewallingTime    : 45
stoneWallingWearOut : 0

Results: 
Using Time Stamp 1649787021 (0x6255c08d) for Data Signature

access    bw(MiB/s)  IOPS       Latency(s)  block(KiB) xfer(KiB)  open(s)    wr/rd(s)   close(s)   total(s)   iter
------    ---------  ----       ----------  ---------- ---------  --------   --------   --------   --------   ----
Commencing write performance test: Tue Apr 12 11:10:21 2022
WARNING: Expected aggregate file size       = 281474976710656
WARNING: Stat() of aggregate file size      = 274623102976
WARNING: Using actual aggregate bytes moved = 1460215808
WARNING: Maybe caused by deadlineForStonewalling
write     29.73      7613       0.000178    1048576    4.00       0.008993   46.83      0.001179   46.84      0   
remove    -          -          -           -          -          -          -          -          0.005807   0   
Max Write: 29.73 MiB/sec (31.18 MB/sec)

Summary of all tests:
Operation   Max(MiB)   Min(MiB)  Mean(MiB)     StdDev   Max(OPs)   Min(OPs)  Mean(OPs)     StdDev    Mean(s) Stonewall(s) Stonewall(MiB) Test# #Tasks tPN reps fPP reord reordoff reordrand seed segcnt   blksiz    xsize aggs(MiB)   API RefNum
write          29.73      29.73      29.73       0.00    7611.72    7611.72    7611.72       0.00   46.83542         NA            NA     0    256  32    1   1     1        1         0    0   1024 1073741824     4096    1392.6 posix      0
darshan_library_warning: unable to create log file /pscratch/darshanlogs/2022/4/12/glock_ior_id43449-11622_4-12-40221-12526898899730621661.darshan_partial.
Finished            : Tue Apr 12 11:11:08 2022
