IOR-3.4.0+dev: MPI Coordinated Test of Parallel I/O
Began               : Tue Apr 12 11:11:52 2022
Command line        : /global/u2/g/glock/src/iopup/src/ior/bin.muller/ior -D 45 -l random -a posix -F -e -g -vv -C --posix.odirect -w -t 4k -b 1g -s 1024 -z -o /mscratch/sd/g/glock/ost1/data-secondary.43449.out
Machine             : Linux nid001006 5.3.18-24.96_10.0.194-cray_shasta_c #1 SMP Wed Feb 16 04:24:37 UTC 2022 (50930b5) x86_64
TestID              : 0
StartTime           : Tue Apr 12 11:11:52 2022
Path                : /mscratch/sd/g/glock/ost1/data-secondary.43449.out.00000000
FS                  : 242.5 TiB   Used FS: 10.5%   Inodes: 244.8 Mi   Used Inodes: 17.0%
Participating tasks : 320
Using reorderTasks '-C' (useful to avoid read cache in client)

Options: 
api                 : posix
apiVersion          : 
test filename       : /mscratch/sd/g/glock/ost1/data-secondary.43449.out
access              : file-per-process
type                : independent
segments            : 1024
ordering in a file  : random
ordering inter file : constant task offset
task offset         : 1
nodes               : 10
tasks               : 320
clients per node    : 32
repetitions         : 1
xfersize            : 4096 bytes
blocksize           : 1 GiB
aggregate filesize  : 320 TiB
verbose             : 2
stonewallingTime    : 45
stoneWallingWearOut : 0

Results: 
Using Time Stamp 1649787112 (0x6255c0e8) for Data Signature

access    bw(MiB/s)  IOPS       Latency(s)  block(KiB) xfer(KiB)  open(s)    wr/rd(s)   close(s)   total(s)   iter
------    ---------  ----       ----------  ---------- ---------  --------   --------   --------   --------   ----
Commencing write performance test: Tue Apr 12 11:11:52 2022
WARNING: Expected aggregate file size       = 351843720888320
WARNING: Stat() of aggregate file size      = 343444029440
WARNING: Using actual aggregate bytes moved = 2712248320
WARNING: Maybe caused by deadlineForStonewalling
write     57.40      14708      0.000172    1048576    4.00       0.042308   45.02      0.001177   45.06      0   
remove    -          -          -           -          -          -          -          -          0.007007   0   
Max Write: 57.40 MiB/sec (60.19 MB/sec)

Summary of all tests:
Operation   Max(MiB)   Min(MiB)  Mean(MiB)     StdDev   Max(OPs)   Min(OPs)  Mean(OPs)     StdDev    Mean(s) Stonewall(s) Stonewall(MiB) Test# #Tasks tPN reps fPP reord reordoff reordrand seed segcnt   blksiz    xsize aggs(MiB)   API RefNum
write          57.40      57.40      57.40       0.00   14694.14   14694.14   14694.14       0.00   45.06353         NA            NA     0    320  32    1   1     1        1         0    0   1024 1073741824     4096    2586.6 posix      0
darshan_library_warning: unable to create log file /pscratch/darshanlogs/2022/4/12/glock_ior_id43449-9925_4-12-40312-8289668654160742516.darshan_partial.
Finished            : Tue Apr 12 11:12:37 2022
