IOR-3.4.0+dev: MPI Coordinated Test of Parallel I/O
Began               : Tue Apr 12 15:10:48 2022
Command line        : /global/u2/g/glock/src/iopup/src/ior/bin.muller/ior -D 45 -l random -a posix -F -e -g -vv -C --posix.odirect -w -t 4k -b 1g -s 1024 -z -o /mscratch/sd/g/glock/ost1/data-secondary.43472.out
Machine             : Linux nid001004 5.3.18-24.96_10.0.194-cray_shasta_c #1 SMP Wed Feb 16 04:24:37 UTC 2022 (50930b5) x86_64
TestID              : 0
StartTime           : Tue Apr 12 15:10:48 2022
Path                : /mscratch/sd/g/glock/ost1/data-secondary.43472.out.00000000
FS                  : 242.5 TiB   Used FS: 10.7%   Inodes: 244.8 Mi   Used Inodes: 17.0%
Participating tasks : 768
Using reorderTasks '-C' (useful to avoid read cache in client)

Options: 
api                 : posix
apiVersion          : 
test filename       : /mscratch/sd/g/glock/ost1/data-secondary.43472.out
access              : file-per-process
type                : independent
segments            : 1024
ordering in a file  : random
ordering inter file : constant task offset
task offset         : 1
nodes               : 12
tasks               : 768
clients per node    : 64
repetitions         : 1
xfersize            : 4096 bytes
blocksize           : 1 GiB
aggregate filesize  : 768 TiB
verbose             : 2
stonewallingTime    : 45
stoneWallingWearOut : 0

Results: 
Using Time Stamp 1649801448 (0x6255f8e8) for Data Signature

access    bw(MiB/s)  IOPS       Latency(s)  block(KiB) xfer(KiB)  open(s)    wr/rd(s)   close(s)   total(s)   iter
------    ---------  ----       ----------  ---------- ---------  --------   --------   --------   --------   ----
Commencing write performance test: Tue Apr 12 15:10:48 2022
WARNING: Expected aggregate file size       = 844424930131968
WARNING: Stat() of aggregate file size      = 824133550080
WARNING: Using actual aggregate bytes moved = 3276972032
WARNING: Maybe caused by deadlineForStonewalling
write     69.33      17765      0.000172    1048576    4.00       0.037230   45.04      0.002495   45.08      0   
remove    -          -          -           -          -          -          -          -          0.012190   0   
Max Write: 69.33 MiB/sec (72.70 MB/sec)

Summary of all tests:
Operation   Max(MiB)   Min(MiB)  Mean(MiB)     StdDev   Max(OPs)   Min(OPs)  Mean(OPs)     StdDev    Mean(s) Stonewall(s) Stonewall(MiB) Test# #Tasks tPN reps fPP reord reordoff reordrand seed segcnt   blksiz    xsize aggs(MiB)   API RefNum
write          69.33      69.33      69.33       0.00   17749.02   17749.02   17749.02       0.00   45.07527         NA            NA     0    768  64    1   1     1        1         0    0   1024 1073741824     4096    3125.2 posix      0
darshan_library_warning: unable to create log file /pscratch/darshanlogs/2022/4/12/glock_ior_id43472-106598_4-12-54647-1652151803743694752.darshan_partial.
Finished            : Tue Apr 12 15:11:33 2022
