IOR-3.4.0+dev: MPI Coordinated Test of Parallel I/O
Began               : Wed Apr 13 15:51:57 2022
Command line        : /global/u2/g/glock/src/iopup/src/ior/bin.muller/ior -D 60 -l random -a posix -F -e -g -vv -C --posix.odirect -w -t 64m -b 1g -s 1024 -o /mscratch/sd/g/glock/ost1/data-primary.43512.out
Machine             : Linux nid001000 5.3.18-24.96_10.0.194-cray_shasta_c #1 SMP Wed Feb 16 04:24:37 UTC 2022 (50930b5) x86_64
TestID              : 0
StartTime           : Wed Apr 13 15:51:57 2022
Path                : /mscratch/sd/g/glock/ost1/data-primary.43512.out.00000000
FS                  : 242.5 TiB   Used FS: 10.2%   Inodes: 244.8 Mi   Used Inodes: 17.0%
Participating tasks : 64
Using reorderTasks '-C' (useful to avoid read cache in client)

Options: 
api                 : posix
apiVersion          : 
test filename       : /mscratch/sd/g/glock/ost1/data-primary.43512.out
access              : file-per-process
type                : independent
segments            : 1024
ordering in a file  : sequential
ordering inter file : constant task offset
task offset         : 1
nodes               : 4
tasks               : 64
clients per node    : 16
repetitions         : 1
xfersize            : 64 MiB
blocksize           : 1 GiB
aggregate filesize  : 64 TiB
verbose             : 2
stonewallingTime    : 60
stoneWallingWearOut : 0

Results: 
Using Time Stamp 1649890317 (0x6257540d) for Data Signature

access    bw(MiB/s)  IOPS       Latency(s)  block(KiB) xfer(KiB)  open(s)    wr/rd(s)   close(s)   total(s)   iter
------    ---------  ----       ----------  ---------- ---------  --------   --------   --------   --------   ----
Commencing write performance test: Wed Apr 13 15:51:57 2022
WARNING: Expected aggregate file size       = 70368744177664
WARNING: Stat() of aggregate file size      = 315747205120
WARNING: Using actual aggregate bytes moved = 315747205120
WARNING: Maybe caused by deadlineForStonewalling
write     4794       74.92      3.92        1048576    65536      0.004136   62.80      0.001392   62.81      0   
remove    -          -          -           -          -          -          -          -          0.002805   0   
Max Write: 4794.23 MiB/sec (5027.11 MB/sec)

Summary of all tests:
Operation   Max(MiB)   Min(MiB)  Mean(MiB)     StdDev   Max(OPs)   Min(OPs)  Mean(OPs)     StdDev    Mean(s) Stonewall(s) Stonewall(MiB) Test# #Tasks tPN reps fPP reord reordoff reordrand seed segcnt   blksiz    xsize aggs(MiB)   API RefNum
write        4794.23    4794.23    4794.23       0.00      74.91      74.91      74.91       0.00   62.80885         NA            NA     0     64  16    1   1     1        1         0    0   1024 1073741824 67108864  301120.0 posix      0
darshan_library_warning: unable to create log file /pscratch/darshanlogs/2022/4/13/glock_ior_id43512-20273_4-13-57117-12546876807756323818.darshan_partial.
Finished            : Wed Apr 13 15:53:00 2022
