IOR-3.4.0+dev: MPI Coordinated Test of Parallel I/O
Began               : Wed Apr 13 15:48:22 2022
Command line        : /global/u2/g/glock/src/iopup/src/ior/bin.muller/ior -D 60 -l random -a posix -F -e -g -vv -C --posix.odirect -w -t 64m -b 1g -s 1024 -o /mscratch/sd/g/glock/ost1/data-primary.43512.out
Machine             : Linux nid001000 5.3.18-24.96_10.0.194-cray_shasta_c #1 SMP Wed Feb 16 04:24:37 UTC 2022 (50930b5) x86_64
TestID              : 0
StartTime           : Wed Apr 13 15:48:22 2022
Path                : /mscratch/sd/g/glock/ost1/data-primary.43512.out.00000000
FS                  : 242.5 TiB   Used FS: 10.2%   Inodes: 244.8 Mi   Used Inodes: 17.0%
Participating tasks : 96
Using reorderTasks '-C' (useful to avoid read cache in client)

Options: 
api                 : posix
apiVersion          : 
test filename       : /mscratch/sd/g/glock/ost1/data-primary.43512.out
access              : file-per-process
type                : independent
segments            : 1024
ordering in a file  : sequential
ordering inter file : constant task offset
task offset         : 1
nodes               : 6
tasks               : 96
clients per node    : 16
repetitions         : 1
xfersize            : 64 MiB
blocksize           : 1 GiB
aggregate filesize  : 96 TiB
verbose             : 2
stonewallingTime    : 60
stoneWallingWearOut : 0

Results: 
Using Time Stamp 1649890102 (0x62575336) for Data Signature

access    bw(MiB/s)  IOPS       Latency(s)  block(KiB) xfer(KiB)  open(s)    wr/rd(s)   close(s)   total(s)   iter
------    ---------  ----       ----------  ---------- ---------  --------   --------   --------   --------   ----
Commencing write performance test: Wed Apr 13 15:48:22 2022
WARNING: Expected aggregate file size       = 105553116266496
WARNING: Stat() of aggregate file size      = 493183041536
WARNING: Using actual aggregate bytes moved = 493183041536
WARNING: Maybe caused by deadlineForStonewalling
write     7384       115.39     3.98        1048576    65536      0.006309   63.69      0.000986   63.70      0   
remove    -          -          -           -          -          -          -          -          0.003161   0   
Max Write: 7383.83 MiB/sec (7742.51 MB/sec)

Summary of all tests:
Operation   Max(MiB)   Min(MiB)  Mean(MiB)     StdDev   Max(OPs)   Min(OPs)  Mean(OPs)     StdDev    Mean(s) Stonewall(s) Stonewall(MiB) Test# #Tasks tPN reps fPP reord reordoff reordrand seed segcnt   blksiz    xsize aggs(MiB)   API RefNum
write        7383.83    7383.83    7383.83       0.00     115.37     115.37     115.37       0.00   63.69810         NA            NA     0     96  16    1   1     1        1         0    0   1024 1073741824 67108864  470336.0 posix      0
darshan_library_warning: unable to create log file /pscratch/darshanlogs/2022/4/13/glock_ior_id43512-18934_4-13-56902-12546876807756323818.darshan_partial.
Finished            : Wed Apr 13 15:49:26 2022
