IOR-3.4.0+dev: MPI Coordinated Test of Parallel I/O
Began               : Wed Apr 13 15:44:46 2022
Command line        : /global/u2/g/glock/src/iopup/src/ior/bin.muller/ior -D 60 -l random -a posix -F -e -g -vv -C --posix.odirect -w -t 4k -b 1g -s 1024 -z -o /mscratch/sd/g/glock/ost1/data-secondary.43512.out
Machine             : Linux nid001008 5.3.18-24.96_10.0.194-cray_shasta_c #1 SMP Wed Feb 16 04:24:37 UTC 2022 (50930b5) x86_64
TestID              : 0
StartTime           : Wed Apr 13 15:44:46 2022
Path                : /mscratch/sd/g/glock/ost1/data-secondary.43512.out.00000000
FS                  : 242.5 TiB   Used FS: 10.2%   Inodes: 244.8 Mi   Used Inodes: 17.0%
Participating tasks : 512
Using reorderTasks '-C' (useful to avoid read cache in client)

Options: 
api                 : posix
apiVersion          : 
test filename       : /mscratch/sd/g/glock/ost1/data-secondary.43512.out
access              : file-per-process
type                : independent
segments            : 1024
ordering in a file  : random
ordering inter file : constant task offset
task offset         : 1
nodes               : 8
tasks               : 512
clients per node    : 64
repetitions         : 1
xfersize            : 4096 bytes
blocksize           : 1 GiB
aggregate filesize  : 512 TiB
verbose             : 2
stonewallingTime    : 60
stoneWallingWearOut : 0

Results: 
Using Time Stamp 1649889886 (0x6257525e) for Data Signature

access    bw(MiB/s)  IOPS       Latency(s)  block(KiB) xfer(KiB)  open(s)    wr/rd(s)   close(s)   total(s)   iter
------    ---------  ----       ----------  ---------- ---------  --------   --------   --------   --------   ----
Commencing write performance test: Wed Apr 13 15:44:47 2022
WARNING: Expected aggregate file size       = 562949953421312
WARNING: Stat() of aggregate file size      = 538113474560
WARNING: Using actual aggregate bytes moved = 1302478848
WARNING: Maybe caused by deadlineForStonewalling
write     19.39      4967       0.000233    1048576    4.00       0.019200   64.03      0.002289   64.05      0   
remove    -          -          -           -          -          -          -          -          0.011382   0   
Max Write: 19.39 MiB/sec (20.34 MB/sec)

Summary of all tests:
Operation   Max(MiB)   Min(MiB)  Mean(MiB)     StdDev   Max(OPs)   Min(OPs)  Mean(OPs)     StdDev    Mean(s) Stonewall(s) Stonewall(MiB) Test# #Tasks tPN reps fPP reord reordoff reordrand seed segcnt   blksiz    xsize aggs(MiB)   API RefNum
write          19.39      19.39      19.39       0.00    4964.93    4964.93    4964.93       0.00   64.04682         NA            NA     0    512  64    1   1     1        1         0    0   1024 1073741824     4096    1242.1 posix      0
darshan_library_warning: unable to create log file /pscratch/darshanlogs/2022/4/13/glock_ior_id43512-190401_4-13-56686-12526898899730621661.darshan_partial.
Finished            : Wed Apr 13 15:45:51 2022
