
Lmod is automatically replacing "nvidia/21.11" with "gcc/11.2.0".


Lmod is automatically replacing "PrgEnv-nvidia/8.2.0" with "PrgEnv-gnu/8.2.0".

Lmod has detected the following error: Warning: Python module not loaded, you
already have Python loaded via conda init. 
While processing the following module(s):
    Module fullname              Module Filename
    ---------------              ---------------
    python/3.9-anaconda-2021.11  /global/common/software/nersc/pm-2022.03.1/extra_modulefiles/python/3.9-anaconda-2021.11.lua


CommandNotFoundError: Your shell has not been properly configured to use 'conda activate'.
To initialize your shell, run

    $ conda init <SHELL_NAME>

Currently supported shells are:
  - bash
  - fish
  - tcsh
  - xonsh
  - zsh
  - powershell

See 'conda init --help' for more information and options.

IMPORTANT: You may need to close and restart your shell after running 'conda init'.


2022-04-12 16:51:19,386 INFO Launching quiet write iops on 2 secondary nodes
2022-04-12 16:51:19,390 INFO Executing: srun --nodelist nid001014,nid001015 -N 2 -n 128 /global/u2/g/glock/src/iopup/src/ior/bin.muller/ior -D 45 -l random -a posix -F -e -g -vv -C --posix.odirect -w -t 4k -b 1g -s 1024 -z -o /mscratch/sd/g/glock/ost1/data-secondary.43482.out
2022-04-12 16:51:19,390 DEBUG Directing stdout to secondary_quiet.14p-2s.43482.out
2022-04-12 16:51:19,390 DEBUG Directing stderr to secondary_quiet.14p-2s.43482.out
2022-04-12 16:52:11,388 INFO Finished quiet workload; ran from 2022-04-12 16:51:19.397547 to 2022-04-12 16:52:06.381598 (47.0 seconds)
2022-04-12 16:52:11,392 INFO Launching noisy write bw on 14 primary nodes
2022-04-12 16:52:11,394 INFO Launching noisy write iops on 2 secondary nodes
2022-04-12 16:52:11,396 INFO Executing: srun --nodelist nid001000,nid001001,nid001002,nid001003,nid001004,nid001005,nid001006,nid001007,nid001008,nid001009,nid001010,nid001011,nid001012,nid001013 -N 14 -n 224 /global/u2/g/glock/src/iopup/src/ior/bin.muller/ior -D 90 -l random -a posix -F -e -g -vv -C --posix.odirect -w -t 64m -b 1g -s 1024 -o /mscratch/sd/g/glock/ost1/data-primary.43482.out
2022-04-12 16:52:11,396 DEBUG Directing stdout to primary_noisy.14p-2s.43482.out
2022-04-12 16:52:11,396 DEBUG Directing stderr to primary_noisy.14p-2s.43482.out
2022-04-12 16:52:26,411 INFO Executing: srun --nodelist nid001014,nid001015 -N 2 -n 128 /global/u2/g/glock/src/iopup/src/ior/bin.muller/ior -D 45 -l random -a posix -F -e -g -vv -C --posix.odirect -w -t 4k -b 1g -s 1024 -z -o /mscratch/sd/g/glock/ost1/data-secondary.43482.out
2022-04-12 16:52:26,411 DEBUG Directing stdout to secondary_noisy.14p-2s.43482.out
2022-04-12 16:52:26,411 DEBUG Directing stderr to secondary_noisy.14p-2s.43482.out
2022-04-12 16:53:53,734 INFO Finished noisy workload 0; ran from 2022-04-12 16:52:11.398164 to 2022-04-12 16:53:48.727336 (97.3 seconds)
2022-04-12 16:53:53,738 INFO Finished noisy workload 1; ran from 2022-04-12 16:52:26.414252 to 2022-04-12 16:53:14.169817 (47.8 seconds)
2022-04-12 16:53:53,738 INFO Launching quiet write iops on 4 secondary nodes
2022-04-12 16:53:53,742 INFO Executing: srun --nodelist nid001012,nid001013,nid001014,nid001015 -N 4 -n 256 /global/u2/g/glock/src/iopup/src/ior/bin.muller/ior -D 45 -l random -a posix -F -e -g -vv -C --posix.odirect -w -t 4k -b 1g -s 1024 -z -o /mscratch/sd/g/glock/ost1/data-secondary.43482.out
2022-04-12 16:53:53,743 DEBUG Directing stdout to secondary_quiet.12p-4s.43482.out
2022-04-12 16:53:53,743 DEBUG Directing stderr to secondary_quiet.12p-4s.43482.out
2022-04-12 16:54:45,537 INFO Finished quiet workload; ran from 2022-04-12 16:53:53.744832 to 2022-04-12 16:54:40.531362 (46.8 seconds)
2022-04-12 16:54:45,540 INFO Launching noisy write bw on 12 primary nodes
2022-04-12 16:54:45,543 INFO Launching noisy write iops on 4 secondary nodes
2022-04-12 16:54:45,545 INFO Executing: srun --nodelist nid001000,nid001001,nid001002,nid001003,nid001004,nid001005,nid001006,nid001007,nid001008,nid001009,nid001010,nid001011 -N 12 -n 192 /global/u2/g/glock/src/iopup/src/ior/bin.muller/ior -D 90 -l random -a posix -F -e -g -vv -C --posix.odirect -w -t 64m -b 1g -s 1024 -o /mscratch/sd/g/glock/ost1/data-primary.43482.out
2022-04-12 16:54:45,545 DEBUG Directing stdout to primary_noisy.12p-4s.43482.out
2022-04-12 16:54:45,545 DEBUG Directing stderr to primary_noisy.12p-4s.43482.out
2022-04-12 16:55:00,560 INFO Executing: srun --nodelist nid001012,nid001013,nid001014,nid001015 -N 4 -n 256 /global/u2/g/glock/src/iopup/src/ior/bin.muller/ior -D 45 -l random -a posix -F -e -g -vv -C --posix.odirect -w -t 4k -b 1g -s 1024 -z -o /mscratch/sd/g/glock/ost1/data-secondary.43482.out
2022-04-12 16:55:00,563 DEBUG Directing stdout to secondary_noisy.12p-4s.43482.out
2022-04-12 16:55:00,563 DEBUG Directing stderr to secondary_noisy.12p-4s.43482.out
2022-04-12 16:56:28,063 INFO Finished noisy workload 0; ran from 2022-04-12 16:54:45.547192 to 2022-04-12 16:56:23.056607 (97.5 seconds)
2022-04-12 16:56:28,063 INFO Finished noisy workload 1; ran from 2022-04-12 16:55:00.565315 to 2022-04-12 16:55:49.374034 (48.8 seconds)
2022-04-12 16:56:28,064 INFO Launching quiet write iops on 6 secondary nodes
2022-04-12 16:56:28,068 INFO Executing: srun --nodelist nid001010,nid001011,nid001012,nid001013,nid001014,nid001015 -N 6 -n 384 /global/u2/g/glock/src/iopup/src/ior/bin.muller/ior -D 45 -l random -a posix -F -e -g -vv -C --posix.odirect -w -t 4k -b 1g -s 1024 -z -o /mscratch/sd/g/glock/ost1/data-secondary.43482.out
2022-04-12 16:56:28,069 DEBUG Directing stdout to secondary_quiet.10p-6s.43482.out
2022-04-12 16:56:28,069 DEBUG Directing stderr to secondary_quiet.10p-6s.43482.out
2022-04-12 16:57:21,528 INFO Finished quiet workload; ran from 2022-04-12 16:56:28.071414 to 2022-04-12 16:57:16.521802 (48.5 seconds)
2022-04-12 16:57:21,530 INFO Launching noisy write bw on 10 primary nodes
2022-04-12 16:57:21,534 INFO Launching noisy write iops on 6 secondary nodes
2022-04-12 16:57:21,535 INFO Executing: srun --nodelist nid001000,nid001001,nid001002,nid001003,nid001004,nid001005,nid001006,nid001007,nid001008,nid001009 -N 10 -n 160 /global/u2/g/glock/src/iopup/src/ior/bin.muller/ior -D 90 -l random -a posix -F -e -g -vv -C --posix.odirect -w -t 64m -b 1g -s 1024 -o /mscratch/sd/g/glock/ost1/data-primary.43482.out
2022-04-12 16:57:21,536 DEBUG Directing stdout to primary_noisy.10p-6s.43482.out
2022-04-12 16:57:21,536 DEBUG Directing stderr to primary_noisy.10p-6s.43482.out
2022-04-12 16:57:36,550 INFO Executing: srun --nodelist nid001010,nid001011,nid001012,nid001013,nid001014,nid001015 -N 6 -n 384 /global/u2/g/glock/src/iopup/src/ior/bin.muller/ior -D 45 -l random -a posix -F -e -g -vv -C --posix.odirect -w -t 4k -b 1g -s 1024 -z -o /mscratch/sd/g/glock/ost1/data-secondary.43482.out
2022-04-12 16:57:36,551 DEBUG Directing stdout to secondary_noisy.10p-6s.43482.out
2022-04-12 16:57:36,551 DEBUG Directing stderr to secondary_noisy.10p-6s.43482.out
2022-04-12 16:59:03,018 INFO Finished noisy workload 0; ran from 2022-04-12 16:57:21.537710 to 2022-04-12 16:58:58.011585 (96.5 seconds)
2022-04-12 16:59:03,018 INFO Finished noisy workload 1; ran from 2022-04-12 16:57:36.553627 to 2022-04-12 16:58:23.933002 (47.4 seconds)
2022-04-12 16:59:03,019 INFO Launching quiet write iops on 8 secondary nodes
2022-04-12 16:59:03,025 INFO Executing: srun --nodelist nid001008,nid001009,nid001010,nid001011,nid001012,nid001013,nid001014,nid001015 -N 8 -n 512 /global/u2/g/glock/src/iopup/src/ior/bin.muller/ior -D 45 -l random -a posix -F -e -g -vv -C --posix.odirect -w -t 4k -b 1g -s 1024 -z -o /mscratch/sd/g/glock/ost1/data-secondary.43482.out
2022-04-12 16:59:03,025 DEBUG Directing stdout to secondary_quiet.8p-8s.43482.out
2022-04-12 16:59:03,025 DEBUG Directing stderr to secondary_quiet.8p-8s.43482.out
2022-04-12 16:59:57,661 INFO Finished quiet workload; ran from 2022-04-12 16:59:03.027260 to 2022-04-12 16:59:52.654408 (49.6 seconds)
2022-04-12 16:59:57,661 INFO Launching noisy write bw on 8 primary nodes
2022-04-12 16:59:57,669 INFO Launching noisy write iops on 8 secondary nodes
2022-04-12 16:59:57,670 INFO Executing: srun --nodelist nid001000,nid001001,nid001002,nid001003,nid001004,nid001005,nid001006,nid001007 -N 8 -n 128 /global/u2/g/glock/src/iopup/src/ior/bin.muller/ior -D 90 -l random -a posix -F -e -g -vv -C --posix.odirect -w -t 64m -b 1g -s 1024 -o /mscratch/sd/g/glock/ost1/data-primary.43482.out
2022-04-12 16:59:57,670 DEBUG Directing stdout to primary_noisy.8p-8s.43482.out
2022-04-12 16:59:57,670 DEBUG Directing stderr to primary_noisy.8p-8s.43482.out
2022-04-12 17:00:12,685 INFO Executing: srun --nodelist nid001008,nid001009,nid001010,nid001011,nid001012,nid001013,nid001014,nid001015 -N 8 -n 512 /global/u2/g/glock/src/iopup/src/ior/bin.muller/ior -D 45 -l random -a posix -F -e -g -vv -C --posix.odirect -w -t 4k -b 1g -s 1024 -z -o /mscratch/sd/g/glock/ost1/data-secondary.43482.out
2022-04-12 17:00:12,686 DEBUG Directing stdout to secondary_noisy.8p-8s.43482.out
2022-04-12 17:00:12,686 DEBUG Directing stderr to secondary_noisy.8p-8s.43482.out
2022-04-12 17:01:35,698 INFO Finished noisy workload 0; ran from 2022-04-12 16:59:57.672472 to 2022-04-12 17:01:30.691763 (93.0 seconds)
2022-04-12 17:01:35,698 INFO Finished noisy workload 1; ran from 2022-04-12 17:00:12.688234 to 2022-04-12 17:01:04.614719 (51.9 seconds)
2022-04-12 17:01:35,699 INFO Launching quiet write iops on 10 secondary nodes
2022-04-12 17:01:35,706 INFO Executing: srun --nodelist nid001006,nid001007,nid001008,nid001009,nid001010,nid001011,nid001012,nid001013,nid001014,nid001015 -N 10 -n 640 /global/u2/g/glock/src/iopup/src/ior/bin.muller/ior -D 45 -l random -a posix -F -e -g -vv -C --posix.odirect -w -t 4k -b 1g -s 1024 -z -o /mscratch/sd/g/glock/ost1/data-secondary.43482.out
2022-04-12 17:01:35,706 DEBUG Directing stdout to secondary_quiet.6p-10s.43482.out
2022-04-12 17:01:35,706 DEBUG Directing stderr to secondary_quiet.6p-10s.43482.out
2022-04-12 17:02:29,141 INFO Finished quiet workload; ran from 2022-04-12 17:01:35.708793 to 2022-04-12 17:02:24.135851 (48.4 seconds)
2022-04-12 17:02:29,141 INFO Launching noisy write bw on 6 primary nodes
2022-04-12 17:02:29,183 INFO Launching noisy write iops on 10 secondary nodes
2022-04-12 17:02:29,185 INFO Executing: srun --nodelist nid001000,nid001001,nid001002,nid001003,nid001004,nid001005 -N 6 -n 96 /global/u2/g/glock/src/iopup/src/ior/bin.muller/ior -D 90 -l random -a posix -F -e -g -vv -C --posix.odirect -w -t 64m -b 1g -s 1024 -o /mscratch/sd/g/glock/ost1/data-primary.43482.out
2022-04-12 17:02:29,185 DEBUG Directing stdout to primary_noisy.6p-10s.43482.out
2022-04-12 17:02:29,185 DEBUG Directing stderr to primary_noisy.6p-10s.43482.out
2022-04-12 17:02:44,201 INFO Executing: srun --nodelist nid001006,nid001007,nid001008,nid001009,nid001010,nid001011,nid001012,nid001013,nid001014,nid001015 -N 10 -n 640 /global/u2/g/glock/src/iopup/src/ior/bin.muller/ior -D 45 -l random -a posix -F -e -g -vv -C --posix.odirect -w -t 4k -b 1g -s 1024 -z -o /mscratch/sd/g/glock/ost1/data-secondary.43482.out
2022-04-12 17:02:44,201 DEBUG Directing stdout to secondary_noisy.6p-10s.43482.out
2022-04-12 17:02:44,201 DEBUG Directing stderr to secondary_noisy.6p-10s.43482.out
2022-04-12 17:04:10,601 INFO Finished noisy workload 0; ran from 2022-04-12 17:02:29.187674 to 2022-04-12 17:04:05.594313 (96.4 seconds)
2022-04-12 17:04:10,601 INFO Finished noisy workload 1; ran from 2022-04-12 17:02:44.204176 to 2022-04-12 17:03:37.099499 (52.9 seconds)
2022-04-12 17:04:10,602 INFO Launching quiet write iops on 12 secondary nodes
2022-04-12 17:04:10,609 INFO Executing: srun --nodelist nid001004,nid001005,nid001006,nid001007,nid001008,nid001009,nid001010,nid001011,nid001012,nid001013,nid001014,nid001015 -N 12 -n 768 /global/u2/g/glock/src/iopup/src/ior/bin.muller/ior -D 45 -l random -a posix -F -e -g -vv -C --posix.odirect -w -t 4k -b 1g -s 1024 -z -o /mscratch/sd/g/glock/ost1/data-secondary.43482.out
2022-04-12 17:04:10,609 DEBUG Directing stdout to secondary_quiet.4p-12s.43482.out
2022-04-12 17:04:10,609 DEBUG Directing stderr to secondary_quiet.4p-12s.43482.out
2022-04-12 17:05:13,068 INFO Finished quiet workload; ran from 2022-04-12 17:04:10.612066 to 2022-04-12 17:05:08.060198 (57.4 seconds)
2022-04-12 17:05:13,068 INFO Launching noisy write bw on 4 primary nodes
2022-04-12 17:05:13,072 INFO Launching noisy write iops on 12 secondary nodes
2022-04-12 17:05:13,074 INFO Executing: srun --nodelist nid001000,nid001001,nid001002,nid001003 -N 4 -n 64 /global/u2/g/glock/src/iopup/src/ior/bin.muller/ior -D 90 -l random -a posix -F -e -g -vv -C --posix.odirect -w -t 64m -b 1g -s 1024 -o /mscratch/sd/g/glock/ost1/data-primary.43482.out
2022-04-12 17:05:13,074 DEBUG Directing stdout to primary_noisy.4p-12s.43482.out
2022-04-12 17:05:13,074 DEBUG Directing stderr to primary_noisy.4p-12s.43482.out
2022-04-12 17:05:28,090 INFO Executing: srun --nodelist nid001004,nid001005,nid001006,nid001007,nid001008,nid001009,nid001010,nid001011,nid001012,nid001013,nid001014,nid001015 -N 12 -n 768 /global/u2/g/glock/src/iopup/src/ior/bin.muller/ior -D 45 -l random -a posix -F -e -g -vv -C --posix.odirect -w -t 4k -b 1g -s 1024 -z -o /mscratch/sd/g/glock/ost1/data-secondary.43482.out
2022-04-12 17:05:28,090 DEBUG Directing stdout to secondary_noisy.4p-12s.43482.out
2022-04-12 17:05:28,091 DEBUG Directing stderr to secondary_noisy.4p-12s.43482.out
2022-04-12 17:06:54,488 INFO Finished noisy workload 0; ran from 2022-04-12 17:05:13.077193 to 2022-04-12 17:06:49.480249 (96.4 seconds)
2022-04-12 17:06:54,488 INFO Finished noisy workload 1; ran from 2022-04-12 17:05:28.093748 to 2022-04-12 17:06:21.506777 (53.4 seconds)
2022-04-12 17:06:54,488 INFO Launching quiet write iops on 14 secondary nodes
2022-04-12 17:06:54,495 INFO Executing: srun --nodelist nid001002,nid001003,nid001004,nid001005,nid001006,nid001007,nid001008,nid001009,nid001010,nid001011,nid001012,nid001013,nid001014,nid001015 -N 14 -n 896 /global/u2/g/glock/src/iopup/src/ior/bin.muller/ior -D 45 -l random -a posix -F -e -g -vv -C --posix.odirect -w -t 4k -b 1g -s 1024 -z -o /mscratch/sd/g/glock/ost1/data-secondary.43482.out
2022-04-12 17:06:54,495 DEBUG Directing stdout to secondary_quiet.2p-14s.43482.out
2022-04-12 17:06:54,496 DEBUG Directing stderr to secondary_quiet.2p-14s.43482.out
2022-04-12 17:07:50,694 INFO Finished quiet workload; ran from 2022-04-12 17:06:54.498504 to 2022-04-12 17:07:45.687152 (51.2 seconds)
2022-04-12 17:07:50,695 INFO Launching noisy write bw on 2 primary nodes
2022-04-12 17:07:50,699 INFO Launching noisy write iops on 14 secondary nodes
2022-04-12 17:07:50,701 INFO Executing: srun --nodelist nid001000,nid001001 -N 2 -n 32 /global/u2/g/glock/src/iopup/src/ior/bin.muller/ior -D 90 -l random -a posix -F -e -g -vv -C --posix.odirect -w -t 64m -b 1g -s 1024 -o /mscratch/sd/g/glock/ost1/data-primary.43482.out
2022-04-12 17:07:50,702 DEBUG Directing stdout to primary_noisy.2p-14s.43482.out
2022-04-12 17:07:50,702 DEBUG Directing stderr to primary_noisy.2p-14s.43482.out
2022-04-12 17:08:05,717 INFO Executing: srun --nodelist nid001002,nid001003,nid001004,nid001005,nid001006,nid001007,nid001008,nid001009,nid001010,nid001011,nid001012,nid001013,nid001014,nid001015 -N 14 -n 896 /global/u2/g/glock/src/iopup/src/ior/bin.muller/ior -D 45 -l random -a posix -F -e -g -vv -C --posix.odirect -w -t 4k -b 1g -s 1024 -z -o /mscratch/sd/g/glock/ost1/data-secondary.43482.out
2022-04-12 17:08:05,717 DEBUG Directing stdout to secondary_noisy.2p-14s.43482.out
2022-04-12 17:08:05,717 DEBUG Directing stderr to secondary_noisy.2p-14s.43482.out
2022-04-12 17:09:29,357 INFO Finished noisy workload 0; ran from 2022-04-12 17:07:50.704957 to 2022-04-12 17:09:24.352062 (93.6 seconds)
2022-04-12 17:09:29,357 INFO Finished noisy workload 1; ran from 2022-04-12 17:08:05.720587 to 2022-04-12 17:08:56.653299 (50.9 seconds)
