IOR-3.4.0+dev: MPI Coordinated Test of Parallel I/O
Began               : Tue Apr 12 11:50:48 2022
Command line        : /global/u2/g/glock/src/iopup/src/ior/bin.muller/ior -D 90 -l random -a posix -F -e -g -vv -C --posix.odirect -w -t 32m -b 1g -s 1024 -o /mscratch/sd/g/glock/ost1/data-primary.43471.out
Machine             : Linux nid001000 5.3.18-24.96_10.0.194-cray_shasta_c #1 SMP Wed Feb 16 04:24:37 UTC 2022 (50930b5) x86_64
TestID              : 0
StartTime           : Tue Apr 12 11:50:48 2022
Path                : /mscratch/sd/g/glock/ost1/data-primary.43471.out.00000000
FS                  : 242.5 TiB   Used FS: 10.2%   Inodes: 244.8 Mi   Used Inodes: 17.0%
Participating tasks : 224
Using reorderTasks '-C' (useful to avoid read cache in client)

Options: 
api                 : posix
apiVersion          : 
test filename       : /mscratch/sd/g/glock/ost1/data-primary.43471.out
access              : file-per-process
type                : independent
segments            : 1024
ordering in a file  : sequential
ordering inter file : constant task offset
task offset         : 1
nodes               : 14
tasks               : 224
clients per node    : 16
repetitions         : 1
xfersize            : 32 MiB
blocksize           : 1 GiB
aggregate filesize  : 224 TiB
verbose             : 2
stonewallingTime    : 90
stoneWallingWearOut : 0

Results: 
Using Time Stamp 1649789448 (0x6255ca08) for Data Signature

access    bw(MiB/s)  IOPS       Latency(s)  block(KiB) xfer(KiB)  open(s)    wr/rd(s)   close(s)   total(s)   iter
------    ---------  ----       ----------  ---------- ---------  --------   --------   --------   --------   ----
Commencing write performance test: Tue Apr 12 11:50:49 2022
WARNING: Expected aggregate file size       = 246290604621824
WARNING: Stat() of aggregate file size      = 1280034471936
WARNING: Using actual aggregate bytes moved = 1280034471936
WARNING: Maybe caused by deadlineForStonewalling
write     13162      411.59     2.90        1048576    32768      0.064151   92.68      0.001238   92.75      0   
remove    -          -          -           -          -          -          -          -          0.003364   0   
Max Write: 13161.69 MiB/sec (13801.03 MB/sec)

Summary of all tests:
Operation   Max(MiB)   Min(MiB)  Mean(MiB)     StdDev   Max(OPs)   Min(OPs)  Mean(OPs)     StdDev    Mean(s) Stonewall(s) Stonewall(MiB) Test# #Tasks tPN reps fPP reord reordoff reordrand seed segcnt   blksiz    xsize aggs(MiB)   API RefNum
write       13161.69   13161.69   13161.69       0.00     411.30     411.30     411.30       0.00   92.74918         NA            NA     0    224  16    1   1     1        1         0    0   1024 1073741824 33554432 1220736.0 posix      0
darshan_library_warning: unable to create log file /pscratch/darshanlogs/2022/4/12/glock_ior_id43471-35380_4-12-42648-12546876807756323818.darshan_partial.
Finished            : Tue Apr 12 11:52:21 2022
