IOR-3.4.0+dev: MPI Coordinated Test of Parallel I/O
Began               : Tue Apr 12 12:01:05 2022
Command line        : /global/u2/g/glock/src/iopup/src/ior/bin.muller/ior -D 90 -l random -a posix -F -e -g -vv -C --posix.odirect -w -t 32m -b 1g -s 1024 -o /mscratch/sd/g/glock/ost1/data-primary.43471.out
Machine             : Linux nid001000 5.3.18-24.96_10.0.194-cray_shasta_c #1 SMP Wed Feb 16 04:24:37 UTC 2022 (50930b5) x86_64
TestID              : 0
StartTime           : Tue Apr 12 12:01:05 2022
Path                : /mscratch/sd/g/glock/ost1/data-primary.43471.out.00000000
FS                  : 242.5 TiB   Used FS: 10.2%   Inodes: 244.8 Mi   Used Inodes: 17.0%
Participating tasks : 96
Using reorderTasks '-C' (useful to avoid read cache in client)

Options: 
api                 : posix
apiVersion          : 
test filename       : /mscratch/sd/g/glock/ost1/data-primary.43471.out
access              : file-per-process
type                : independent
segments            : 1024
ordering in a file  : sequential
ordering inter file : constant task offset
task offset         : 1
nodes               : 6
tasks               : 96
clients per node    : 16
repetitions         : 1
xfersize            : 32 MiB
blocksize           : 1 GiB
aggregate filesize  : 96 TiB
verbose             : 2
stonewallingTime    : 90
stoneWallingWearOut : 0

Results: 
Using Time Stamp 1649790065 (0x6255cc71) for Data Signature

access    bw(MiB/s)  IOPS       Latency(s)  block(KiB) xfer(KiB)  open(s)    wr/rd(s)   close(s)   total(s)   iter
------    ---------  ----       ----------  ---------- ---------  --------   --------   --------   --------   ----
Commencing write performance test: Tue Apr 12 12:01:05 2022
WARNING: Expected aggregate file size       = 105553116266496
WARNING: Stat() of aggregate file size      = 1066292740096
WARNING: Using actual aggregate bytes moved = 1066292740096
WARNING: Maybe caused by deadlineForStonewalling
write     10831      338.48     2.93        1048576    32768      0.004611   93.88      0.001045   93.89      0   
remove    -          -          -           -          -          -          -          -          0.003124   0   
Max Write: 10830.66 MiB/sec (11356.77 MB/sec)

Summary of all tests:
Operation   Max(MiB)   Min(MiB)  Mean(MiB)     StdDev   Max(OPs)   Min(OPs)  Mean(OPs)     StdDev    Mean(s) Stonewall(s) Stonewall(MiB) Test# #Tasks tPN reps fPP reord reordoff reordrand seed segcnt   blksiz    xsize aggs(MiB)   API RefNum
write       10830.66   10830.66   10830.66       0.00     338.46     338.46     338.46       0.00   93.89051         NA            NA     0     96  16    1   1     1        1         0    0   1024 1073741824 33554432 1016896.0 posix      0
darshan_library_warning: unable to create log file /pscratch/darshanlogs/2022/4/12/glock_ior_id43471-38504_4-12-43265-12546876807756323818.darshan_partial.
Finished            : Tue Apr 12 12:02:39 2022
