IOR-3.4.0+dev: MPI Coordinated Test of Parallel I/O
Began               : Tue Apr 12 17:23:14 2022
Command line        : /global/u2/g/glock/src/iopup/src/ior/bin.muller/ior -D 90 -l random -a posix -F -e -g -vv -C --posix.odirect -w -t 64m -b 1g -s 1024 -o /mscratch/sd/g/glock/ost1/data-primary.43484.out
Machine             : Linux nid001000 5.3.18-24.96_10.0.194-cray_shasta_c #1 SMP Wed Feb 16 04:24:37 UTC 2022 (50930b5) x86_64
TestID              : 0
StartTime           : Tue Apr 12 17:23:14 2022
Path                : /mscratch/sd/g/glock/ost1/data-primary.43484.out.00000000
FS                  : 242.5 TiB   Used FS: 10.7%   Inodes: 244.8 Mi   Used Inodes: 17.0%
Participating tasks : 160
Using reorderTasks '-C' (useful to avoid read cache in client)

Options: 
api                 : posix
apiVersion          : 
test filename       : /mscratch/sd/g/glock/ost1/data-primary.43484.out
access              : file-per-process
type                : independent
segments            : 1024
ordering in a file  : sequential
ordering inter file : constant task offset
task offset         : 1
nodes               : 10
tasks               : 160
clients per node    : 16
repetitions         : 1
xfersize            : 64 MiB
blocksize           : 1 GiB
aggregate filesize  : 160 TiB
verbose             : 2
stonewallingTime    : 90
stoneWallingWearOut : 0

Results: 
Using Time Stamp 1649809394 (0x625617f2) for Data Signature

access    bw(MiB/s)  IOPS       Latency(s)  block(KiB) xfer(KiB)  open(s)    wr/rd(s)   close(s)   total(s)   iter
------    ---------  ----       ----------  ---------- ---------  --------   --------   --------   --------   ----
Commencing write performance test: Tue Apr 12 17:23:15 2022
WARNING: Expected aggregate file size       = 175921860444160
WARNING: Stat() of aggregate file size      = 1354927964160
WARNING: Using actual aggregate bytes moved = 1354927964160
WARNING: Maybe caused by deadlineForStonewalling
write     13338      208.50     5.72        1048576    65536      0.043964   96.83      0.001380   96.88      0   
remove    -          -          -           -          -          -          -          -          0.003298   0   
Max Write: 13337.70 MiB/sec (13985.59 MB/sec)

Summary of all tests:
Operation   Max(MiB)   Min(MiB)  Mean(MiB)     StdDev   Max(OPs)   Min(OPs)  Mean(OPs)     StdDev    Mean(s) Stonewall(s) Stonewall(MiB) Test# #Tasks tPN reps fPP reord reordoff reordrand seed segcnt   blksiz    xsize aggs(MiB)   API RefNum
write       13337.70   13337.70   13337.70       0.00     208.40     208.40     208.40       0.00   96.88027         NA            NA     0    160  16    1   1     1        1         0    0   1024 1073741824 67108864 1292160.0 posix      0
darshan_library_warning: unable to create log file /pscratch/darshanlogs/2022/4/12/glock_ior_id43484-153727_4-12-62594-12546876807756323818.darshan_partial.
Finished            : Tue Apr 12 17:24:52 2022
