IOR-3.4.0+dev: MPI Coordinated Test of Parallel I/O
Began               : Tue Apr 12 17:26:11 2022
Command line        : /global/u2/g/glock/src/iopup/src/ior/bin.muller/ior -D 45 -l random -a posix -F -e -g -vv -C --posix.odirect -w -t 4k -b 1g -s 1024 -z -o /mscratch/sd/g/glock/ost1/data-secondary.43484.out
Machine             : Linux nid001010 5.3.18-24.96_10.0.194-cray_shasta_c #1 SMP Wed Feb 16 04:24:37 UTC 2022 (50930b5) x86_64
TestID              : 0
StartTime           : Tue Apr 12 17:26:11 2022
Path                : /mscratch/sd/g/glock/ost1/data-secondary.43484.out.00000000
FS                  : 242.5 TiB   Used FS: 10.3%   Inodes: 244.8 Mi   Used Inodes: 17.0%
Participating tasks : 384
Using reorderTasks '-C' (useful to avoid read cache in client)

Options: 
api                 : posix
apiVersion          : 
test filename       : /mscratch/sd/g/glock/ost1/data-secondary.43484.out
access              : file-per-process
type                : independent
segments            : 1024
ordering in a file  : random
ordering inter file : constant task offset
task offset         : 1
nodes               : 6
tasks               : 384
clients per node    : 64
repetitions         : 1
xfersize            : 4096 bytes
blocksize           : 1 GiB
aggregate filesize  : 384 TiB
verbose             : 2
stonewallingTime    : 45
stoneWallingWearOut : 0

Results: 
Using Time Stamp 1649809571 (0x625618a3) for Data Signature

access    bw(MiB/s)  IOPS       Latency(s)  block(KiB) xfer(KiB)  open(s)    wr/rd(s)   close(s)   total(s)   iter
------    ---------  ----       ----------  ---------- ---------  --------   --------   --------   --------   ----
Commencing write performance test: Tue Apr 12 17:26:11 2022
WARNING: Expected aggregate file size       = 422212465065984
WARNING: Stat() of aggregate file size      = 410897154048
WARNING: Using actual aggregate bytes moved = 148709376
WARNING: Maybe caused by deadlineForStonewalling
write     2.94       753.50     0.000182    1048576    4.00       0.042723   48.18      0.002034   48.23      0   
remove    -          -          -           -          -          -          -          -          0.010613   0   
Max Write: 2.94 MiB/sec (3.08 MB/sec)

Summary of all tests:
Operation   Max(MiB)   Min(MiB)  Mean(MiB)     StdDev   Max(OPs)   Min(OPs)  Mean(OPs)     StdDev    Mean(s) Stonewall(s) Stonewall(MiB) Test# #Tasks tPN reps fPP reord reordoff reordrand seed segcnt   blksiz    xsize aggs(MiB)   API RefNum
write           2.94       2.94       2.94       0.00     752.80     752.80     752.80       0.00   48.22822         NA            NA     0    384  64    1   1     1        1         0    0   1024 1073741824     4096     141.8 posix      0
darshan_library_warning: unable to create log file /pscratch/darshanlogs/2022/4/12/glock_ior_id43484-244243_4-12-62771-11276600743930855804.darshan_partial.
Finished            : Tue Apr 12 17:26:59 2022
