
Lmod is automatically replacing "nvidia/21.11" with "gcc/11.2.0".


Lmod is automatically replacing "PrgEnv-nvidia/8.2.0" with "PrgEnv-gnu/8.2.0".

Lmod has detected the following error: Warning: Python module not loaded, you
already have Python loaded via conda init. 
While processing the following module(s):
    Module fullname              Module Filename
    ---------------              ---------------
    python/3.9-anaconda-2021.11  /global/common/software/nersc/pm-2022.03.1/extra_modulefiles/python/3.9-anaconda-2021.11.lua


CommandNotFoundError: Your shell has not been properly configured to use 'conda activate'.
To initialize your shell, run

    $ conda init <SHELL_NAME>

Currently supported shells are:
  - bash
  - fish
  - tcsh
  - xonsh
  - zsh
  - powershell

See 'conda init --help' for more information and options.

IMPORTANT: You may need to close and restart your shell after running 'conda init'.


2022-04-12 17:14:32,586 INFO Launching quiet write bw on 14 primary nodes
2022-04-12 17:14:32,591 INFO Executing: srun --nodelist nid001000,nid001001,nid001002,nid001003,nid001004,nid001005,nid001006,nid001007,nid001008,nid001009,nid001010,nid001011,nid001012,nid001013 -N 14 -n 224 /global/u2/g/glock/src/iopup/src/ior/bin.muller/ior -D 90 -l random -a posix -F -e -g -vv -C --posix.odirect -w -t 64m -b 1g -s 1024 -o /mscratch/sd/g/glock/ost1/data-primary.43484.out
2022-04-12 17:16:15,552 INFO Finished quiet workload; ran from 2022-04-12 17:14:32.593474 to 2022-04-12 17:16:10.545952 (98.0 seconds)
2022-04-12 17:16:15,555 INFO Launching quiet write iops on 2 secondary nodes
2022-04-12 17:16:15,559 INFO Executing: srun --nodelist nid001014,nid001015 -N 2 -n 128 /global/u2/g/glock/src/iopup/src/ior/bin.muller/ior -D 45 -l random -a posix -F -e -g -vv -C --posix.odirect -w -t 4k -b 1g -s 1024 -z -o /mscratch/sd/g/glock/ost1/data-secondary.43484.out
2022-04-12 17:17:07,363 INFO Finished quiet workload; ran from 2022-04-12 17:16:15.561059 to 2022-04-12 17:17:02.357324 (46.8 seconds)
2022-04-12 17:17:07,366 INFO Launching noisy write bw on 14 primary nodes
2022-04-12 17:17:07,369 INFO Launching noisy write iops on 2 secondary nodes
2022-04-12 17:17:07,370 INFO Executing: srun --nodelist nid001000,nid001001,nid001002,nid001003,nid001004,nid001005,nid001006,nid001007,nid001008,nid001009,nid001010,nid001011,nid001012,nid001013 -N 14 -n 224 /global/u2/g/glock/src/iopup/src/ior/bin.muller/ior -D 90 -l random -a posix -F -e -g -vv -C --posix.odirect -w -t 64m -b 1g -s 1024 -o /mscratch/sd/g/glock/ost1/data-primary.43484.out
2022-04-12 17:17:22,385 INFO Executing: srun --nodelist nid001014,nid001015 -N 2 -n 128 /global/u2/g/glock/src/iopup/src/ior/bin.muller/ior -D 45 -l random -a posix -F -e -g -vv -C --posix.odirect -w -t 4k -b 1g -s 1024 -z -o /mscratch/sd/g/glock/ost1/data-secondary.43484.out
2022-04-12 17:18:50,448 INFO Finished noisy workload 0; ran from 2022-04-12 17:17:07.372486 to 2022-04-12 17:18:45.441624 (98.1 seconds)
2022-04-12 17:18:50,451 INFO Finished noisy workload 1; ran from 2022-04-12 17:17:22.390927 to 2022-04-12 17:18:12.004414 (49.6 seconds)
2022-04-12 17:18:50,451 INFO Launching quiet write bw on 12 primary nodes
2022-04-12 17:18:50,455 INFO Executing: srun --nodelist nid001000,nid001001,nid001002,nid001003,nid001004,nid001005,nid001006,nid001007,nid001008,nid001009,nid001010,nid001011 -N 12 -n 192 /global/u2/g/glock/src/iopup/src/ior/bin.muller/ior -D 90 -l random -a posix -F -e -g -vv -C --posix.odirect -w -t 64m -b 1g -s 1024 -o /mscratch/sd/g/glock/ost1/data-primary.43484.out
2022-04-12 17:20:31,504 INFO Finished quiet workload; ran from 2022-04-12 17:18:50.457070 to 2022-04-12 17:20:26.498219 (96.0 seconds)
2022-04-12 17:20:31,507 INFO Launching quiet write iops on 4 secondary nodes
2022-04-12 17:20:31,510 INFO Executing: srun --nodelist nid001012,nid001013,nid001014,nid001015 -N 4 -n 256 /global/u2/g/glock/src/iopup/src/ior/bin.muller/ior -D 45 -l random -a posix -F -e -g -vv -C --posix.odirect -w -t 4k -b 1g -s 1024 -z -o /mscratch/sd/g/glock/ost1/data-secondary.43484.out
2022-04-12 17:21:31,553 INFO Finished quiet workload; ran from 2022-04-12 17:20:31.512546 to 2022-04-12 17:21:26.548785 (55.0 seconds)
2022-04-12 17:21:31,556 INFO Launching noisy write bw on 12 primary nodes
2022-04-12 17:21:31,558 INFO Launching noisy write iops on 4 secondary nodes
2022-04-12 17:21:31,561 INFO Executing: srun --nodelist nid001000,nid001001,nid001002,nid001003,nid001004,nid001005,nid001006,nid001007,nid001008,nid001009,nid001010,nid001011 -N 12 -n 192 /global/u2/g/glock/src/iopup/src/ior/bin.muller/ior -D 90 -l random -a posix -F -e -g -vv -C --posix.odirect -w -t 64m -b 1g -s 1024 -o /mscratch/sd/g/glock/ost1/data-primary.43484.out
2022-04-12 17:21:46,576 INFO Executing: srun --nodelist nid001012,nid001013,nid001014,nid001015 -N 4 -n 256 /global/u2/g/glock/src/iopup/src/ior/bin.muller/ior -D 45 -l random -a posix -F -e -g -vv -C --posix.odirect -w -t 4k -b 1g -s 1024 -z -o /mscratch/sd/g/glock/ost1/data-secondary.43484.out
2022-04-12 17:23:14,160 INFO Finished noisy workload 0; ran from 2022-04-12 17:21:31.563451 to 2022-04-12 17:23:09.154257 (97.6 seconds)
2022-04-12 17:23:14,163 INFO Finished noisy workload 1; ran from 2022-04-12 17:21:46.591692 to 2022-04-12 17:22:44.326932 (57.7 seconds)
2022-04-12 17:23:14,165 INFO Launching quiet write bw on 10 primary nodes
2022-04-12 17:23:14,170 INFO Executing: srun --nodelist nid001000,nid001001,nid001002,nid001003,nid001004,nid001005,nid001006,nid001007,nid001008,nid001009 -N 10 -n 160 /global/u2/g/glock/src/iopup/src/ior/bin.muller/ior -D 90 -l random -a posix -F -e -g -vv -C --posix.odirect -w -t 64m -b 1g -s 1024 -o /mscratch/sd/g/glock/ost1/data-primary.43484.out
2022-04-12 17:24:57,177 INFO Finished quiet workload; ran from 2022-04-12 17:23:14.172281 to 2022-04-12 17:24:52.171379 (98.0 seconds)
2022-04-12 17:24:57,178 INFO Launching quiet write iops on 6 secondary nodes
2022-04-12 17:24:57,182 INFO Executing: srun --nodelist nid001010,nid001011,nid001012,nid001013,nid001014,nid001015 -N 6 -n 384 /global/u2/g/glock/src/iopup/src/ior/bin.muller/ior -D 45 -l random -a posix -F -e -g -vv -C --posix.odirect -w -t 4k -b 1g -s 1024 -z -o /mscratch/sd/g/glock/ost1/data-secondary.43484.out
2022-04-12 17:25:52,449 INFO Finished quiet workload; ran from 2022-04-12 17:24:57.184735 to 2022-04-12 17:25:47.443348 (50.3 seconds)
2022-04-12 17:25:52,450 INFO Launching noisy write bw on 10 primary nodes
2022-04-12 17:25:52,454 INFO Launching noisy write iops on 6 secondary nodes
2022-04-12 17:25:52,456 INFO Executing: srun --nodelist nid001000,nid001001,nid001002,nid001003,nid001004,nid001005,nid001006,nid001007,nid001008,nid001009 -N 10 -n 160 /global/u2/g/glock/src/iopup/src/ior/bin.muller/ior -D 90 -l random -a posix -F -e -g -vv -C --posix.odirect -w -t 64m -b 1g -s 1024 -o /mscratch/sd/g/glock/ost1/data-primary.43484.out
2022-04-12 17:26:07,472 INFO Executing: srun --nodelist nid001010,nid001011,nid001012,nid001013,nid001014,nid001015 -N 6 -n 384 /global/u2/g/glock/src/iopup/src/ior/bin.muller/ior -D 45 -l random -a posix -F -e -g -vv -C --posix.odirect -w -t 4k -b 1g -s 1024 -z -o /mscratch/sd/g/glock/ost1/data-secondary.43484.out
2022-04-12 17:27:34,709 INFO Finished noisy workload 0; ran from 2022-04-12 17:25:52.458661 to 2022-04-12 17:27:29.702858 (97.2 seconds)
2022-04-12 17:27:34,709 INFO Finished noisy workload 1; ran from 2022-04-12 17:26:07.475050 to 2022-04-12 17:27:00.075394 (52.6 seconds)
2022-04-12 17:27:34,710 INFO Launching quiet write bw on 8 primary nodes
2022-04-12 17:27:34,715 INFO Executing: srun --nodelist nid001000,nid001001,nid001002,nid001003,nid001004,nid001005,nid001006,nid001007 -N 8 -n 128 /global/u2/g/glock/src/iopup/src/ior/bin.muller/ior -D 90 -l random -a posix -F -e -g -vv -C --posix.odirect -w -t 64m -b 1g -s 1024 -o /mscratch/sd/g/glock/ost1/data-primary.43484.out
2022-04-12 17:29:19,219 INFO Finished quiet workload; ran from 2022-04-12 17:27:34.717597 to 2022-04-12 17:29:14.212444 (99.5 seconds)
2022-04-12 17:29:19,219 INFO Launching quiet write iops on 8 secondary nodes
2022-04-12 17:29:19,224 INFO Executing: srun --nodelist nid001008,nid001009,nid001010,nid001011,nid001012,nid001013,nid001014,nid001015 -N 8 -n 512 /global/u2/g/glock/src/iopup/src/ior/bin.muller/ior -D 45 -l random -a posix -F -e -g -vv -C --posix.odirect -w -t 4k -b 1g -s 1024 -z -o /mscratch/sd/g/glock/ost1/data-secondary.43484.out
2022-04-12 17:30:13,831 INFO Finished quiet workload; ran from 2022-04-12 17:29:19.226229 to 2022-04-12 17:30:08.824153 (49.6 seconds)
2022-04-12 17:30:13,831 INFO Launching noisy write bw on 8 primary nodes
2022-04-12 17:30:13,835 INFO Launching noisy write iops on 8 secondary nodes
2022-04-12 17:30:13,836 INFO Executing: srun --nodelist nid001000,nid001001,nid001002,nid001003,nid001004,nid001005,nid001006,nid001007 -N 8 -n 128 /global/u2/g/glock/src/iopup/src/ior/bin.muller/ior -D 90 -l random -a posix -F -e -g -vv -C --posix.odirect -w -t 64m -b 1g -s 1024 -o /mscratch/sd/g/glock/ost1/data-primary.43484.out
2022-04-12 17:30:28,851 INFO Executing: srun --nodelist nid001008,nid001009,nid001010,nid001011,nid001012,nid001013,nid001014,nid001015 -N 8 -n 512 /global/u2/g/glock/src/iopup/src/ior/bin.muller/ior -D 45 -l random -a posix -F -e -g -vv -C --posix.odirect -w -t 4k -b 1g -s 1024 -z -o /mscratch/sd/g/glock/ost1/data-secondary.43484.out
2022-04-12 17:31:56,487 INFO Finished noisy workload 0; ran from 2022-04-12 17:30:13.838346 to 2022-04-12 17:31:51.480461 (97.6 seconds)
2022-04-12 17:31:56,487 INFO Finished noisy workload 1; ran from 2022-04-12 17:30:28.854639 to 2022-04-12 17:31:21.659710 (52.8 seconds)
2022-04-12 17:31:56,488 INFO Launching quiet write bw on 6 primary nodes
2022-04-12 17:31:56,493 INFO Executing: srun --nodelist nid001000,nid001001,nid001002,nid001003,nid001004,nid001005 -N 6 -n 96 /global/u2/g/glock/src/iopup/src/ior/bin.muller/ior -D 90 -l random -a posix -F -e -g -vv -C --posix.odirect -w -t 64m -b 1g -s 1024 -o /mscratch/sd/g/glock/ost1/data-primary.43484.out
2022-04-12 17:33:35,894 INFO Finished quiet workload; ran from 2022-04-12 17:31:56.495894 to 2022-04-12 17:33:30.887899 (94.4 seconds)
2022-04-12 17:33:35,894 INFO Launching quiet write iops on 10 secondary nodes
2022-04-12 17:33:35,898 INFO Executing: srun --nodelist nid001006,nid001007,nid001008,nid001009,nid001010,nid001011,nid001012,nid001013,nid001014,nid001015 -N 10 -n 640 /global/u2/g/glock/src/iopup/src/ior/bin.muller/ior -D 45 -l random -a posix -F -e -g -vv -C --posix.odirect -w -t 4k -b 1g -s 1024 -z -o /mscratch/sd/g/glock/ost1/data-secondary.43484.out
2022-04-12 17:34:30,611 INFO Finished quiet workload; ran from 2022-04-12 17:33:35.900805 to 2022-04-12 17:34:25.603986 (49.7 seconds)
2022-04-12 17:34:30,611 INFO Launching noisy write bw on 6 primary nodes
2022-04-12 17:34:30,617 INFO Launching noisy write iops on 10 secondary nodes
2022-04-12 17:34:30,618 INFO Executing: srun --nodelist nid001000,nid001001,nid001002,nid001003,nid001004,nid001005 -N 6 -n 96 /global/u2/g/glock/src/iopup/src/ior/bin.muller/ior -D 90 -l random -a posix -F -e -g -vv -C --posix.odirect -w -t 64m -b 1g -s 1024 -o /mscratch/sd/g/glock/ost1/data-primary.43484.out
2022-04-12 17:34:45,629 INFO Executing: srun --nodelist nid001006,nid001007,nid001008,nid001009,nid001010,nid001011,nid001012,nid001013,nid001014,nid001015 -N 10 -n 640 /global/u2/g/glock/src/iopup/src/ior/bin.muller/ior -D 45 -l random -a posix -F -e -g -vv -C --posix.odirect -w -t 4k -b 1g -s 1024 -z -o /mscratch/sd/g/glock/ost1/data-secondary.43484.out
2022-04-12 17:36:12,300 INFO Finished noisy workload 0; ran from 2022-04-12 17:34:30.620003 to 2022-04-12 17:36:07.293936 (96.7 seconds)
2022-04-12 17:36:12,301 INFO Finished noisy workload 1; ran from 2022-04-12 17:34:45.631760 to 2022-04-12 17:35:39.062127 (53.4 seconds)
2022-04-12 17:36:12,304 INFO Launching quiet write bw on 4 primary nodes
2022-04-12 17:36:12,311 INFO Executing: srun --nodelist nid001000,nid001001,nid001002,nid001003 -N 4 -n 64 /global/u2/g/glock/src/iopup/src/ior/bin.muller/ior -D 90 -l random -a posix -F -e -g -vv -C --posix.odirect -w -t 64m -b 1g -s 1024 -o /mscratch/sd/g/glock/ost1/data-primary.43484.out
2022-04-12 17:37:52,959 INFO Finished quiet workload; ran from 2022-04-12 17:36:12.314926 to 2022-04-12 17:37:47.952867 (95.6 seconds)
2022-04-12 17:37:52,960 INFO Launching quiet write iops on 12 secondary nodes
2022-04-12 17:37:52,965 INFO Executing: srun --nodelist nid001004,nid001005,nid001006,nid001007,nid001008,nid001009,nid001010,nid001011,nid001012,nid001013,nid001014,nid001015 -N 12 -n 768 /global/u2/g/glock/src/iopup/src/ior/bin.muller/ior -D 45 -l random -a posix -F -e -g -vv -C --posix.odirect -w -t 4k -b 1g -s 1024 -z -o /mscratch/sd/g/glock/ost1/data-secondary.43484.out
2022-04-12 17:38:48,055 INFO Finished quiet workload; ran from 2022-04-12 17:37:52.967602 to 2022-04-12 17:38:43.048585 (50.1 seconds)
2022-04-12 17:38:48,055 INFO Launching noisy write bw on 4 primary nodes
2022-04-12 17:38:48,060 INFO Launching noisy write iops on 12 secondary nodes
2022-04-12 17:38:48,062 INFO Executing: srun --nodelist nid001000,nid001001,nid001002,nid001003 -N 4 -n 64 /global/u2/g/glock/src/iopup/src/ior/bin.muller/ior -D 90 -l random -a posix -F -e -g -vv -C --posix.odirect -w -t 64m -b 1g -s 1024 -o /mscratch/sd/g/glock/ost1/data-primary.43484.out
2022-04-12 17:39:03,077 INFO Executing: srun --nodelist nid001004,nid001005,nid001006,nid001007,nid001008,nid001009,nid001010,nid001011,nid001012,nid001013,nid001014,nid001015 -N 12 -n 768 /global/u2/g/glock/src/iopup/src/ior/bin.muller/ior -D 45 -l random -a posix -F -e -g -vv -C --posix.odirect -w -t 4k -b 1g -s 1024 -z -o /mscratch/sd/g/glock/ost1/data-secondary.43484.out
2022-04-12 17:40:29,680 INFO Finished noisy workload 0; ran from 2022-04-12 17:38:48.063798 to 2022-04-12 17:40:24.674466 (96.6 seconds)
2022-04-12 17:40:29,681 INFO Finished noisy workload 1; ran from 2022-04-12 17:39:03.079961 to 2022-04-12 17:39:54.810114 (51.7 seconds)
2022-04-12 17:40:29,681 INFO Launching quiet write bw on 2 primary nodes
2022-04-12 17:40:29,687 INFO Executing: srun --nodelist nid001000,nid001001 -N 2 -n 32 /global/u2/g/glock/src/iopup/src/ior/bin.muller/ior -D 90 -l random -a posix -F -e -g -vv -C --posix.odirect -w -t 64m -b 1g -s 1024 -o /mscratch/sd/g/glock/ost1/data-primary.43484.out
2022-04-12 17:42:05,552 INFO Finished quiet workload; ran from 2022-04-12 17:40:29.689406 to 2022-04-12 17:42:00.545939 (90.9 seconds)
2022-04-12 17:42:05,552 INFO Launching quiet write iops on 14 secondary nodes
2022-04-12 17:42:05,558 INFO Executing: srun --nodelist nid001002,nid001003,nid001004,nid001005,nid001006,nid001007,nid001008,nid001009,nid001010,nid001011,nid001012,nid001013,nid001014,nid001015 -N 14 -n 896 /global/u2/g/glock/src/iopup/src/ior/bin.muller/ior -D 45 -l random -a posix -F -e -g -vv -C --posix.odirect -w -t 4k -b 1g -s 1024 -z -o /mscratch/sd/g/glock/ost1/data-secondary.43484.out
2022-04-12 17:43:01,571 INFO Finished quiet workload; ran from 2022-04-12 17:42:05.560467 to 2022-04-12 17:42:56.564520 (51.0 seconds)
2022-04-12 17:43:01,571 INFO Launching noisy write bw on 2 primary nodes
2022-04-12 17:43:01,575 INFO Launching noisy write iops on 14 secondary nodes
2022-04-12 17:43:01,577 INFO Executing: srun --nodelist nid001000,nid001001 -N 2 -n 32 /global/u2/g/glock/src/iopup/src/ior/bin.muller/ior -D 90 -l random -a posix -F -e -g -vv -C --posix.odirect -w -t 64m -b 1g -s 1024 -o /mscratch/sd/g/glock/ost1/data-primary.43484.out
2022-04-12 17:43:16,592 INFO Executing: srun --nodelist nid001002,nid001003,nid001004,nid001005,nid001006,nid001007,nid001008,nid001009,nid001010,nid001011,nid001012,nid001013,nid001014,nid001015 -N 14 -n 896 /global/u2/g/glock/src/iopup/src/ior/bin.muller/ior -D 45 -l random -a posix -F -e -g -vv -C --posix.odirect -w -t 4k -b 1g -s 1024 -z -o /mscratch/sd/g/glock/ost1/data-secondary.43484.out
2022-04-12 17:44:37,673 INFO Finished noisy workload 0; ran from 2022-04-12 17:43:01.579144 to 2022-04-12 17:44:32.666871 (91.1 seconds)
2022-04-12 17:44:37,673 INFO Finished noisy workload 1; ran from 2022-04-12 17:43:16.594642 to 2022-04-12 17:44:10.330584 (53.7 seconds)
