IOR-3.4.0+dev: MPI Coordinated Test of Parallel I/O
Began               : Wed Apr 13 13:15:29 2022
Command line        : /global/u2/g/glock/src/iopup/src/ior/bin.muller/ior -D 45 -l random -a posix -F -e -g -vv -C --posix.odirect -w -t 4k -b 1g -s 1024 -z -o /mscratch/sd/g/glock/ost1/data-secondary.43509.out
Machine             : Linux nid001004 5.3.18-24.96_10.0.194-cray_shasta_c #1 SMP Wed Feb 16 04:24:37 UTC 2022 (50930b5) x86_64
TestID              : 0
StartTime           : Wed Apr 13 13:15:29 2022
Path                : /mscratch/sd/g/glock/ost1/data-secondary.43509.out.00000000
FS                  : 242.5 TiB   Used FS: 10.3%   Inodes: 244.8 Mi   Used Inodes: 17.0%
Participating tasks : 768
Using reorderTasks '-C' (useful to avoid read cache in client)

Options: 
api                 : posix
apiVersion          : 
test filename       : /mscratch/sd/g/glock/ost1/data-secondary.43509.out
access              : file-per-process
type                : independent
segments            : 1024
ordering in a file  : random
ordering inter file : constant task offset
task offset         : 1
nodes               : 12
tasks               : 768
clients per node    : 64
repetitions         : 1
xfersize            : 4096 bytes
blocksize           : 1 GiB
aggregate filesize  : 768 TiB
verbose             : 2
stonewallingTime    : 45
stoneWallingWearOut : 0

Results: 
Using Time Stamp 1649880929 (0x62572f61) for Data Signature

access    bw(MiB/s)  IOPS       Latency(s)  block(KiB) xfer(KiB)  open(s)    wr/rd(s)   close(s)   total(s)   iter
------    ---------  ----       ----------  ---------- ---------  --------   --------   --------   --------   ----
Commencing write performance test: Wed Apr 13 13:15:29 2022
WARNING: Expected aggregate file size       = 844424930131968
WARNING: Stat() of aggregate file size      = 813280948224
WARNING: Using actual aggregate bytes moved = 2026770432
WARNING: Maybe caused by deadlineForStonewalling
write     41.23      10564      0.000172    1048576    4.00       0.038730   46.84      0.002540   46.88      0   
remove    -          -          -           -          -          -          -          -          0.012104   0   
Max Write: 41.23 MiB/sec (43.23 MB/sec)

Summary of all tests:
Operation   Max(MiB)   Min(MiB)  Mean(MiB)     StdDev   Max(OPs)   Min(OPs)  Mean(OPs)     StdDev    Mean(s) Stonewall(s) Stonewall(MiB) Test# #Tasks tPN reps fPP reord reordoff reordrand seed segcnt   blksiz    xsize aggs(MiB)   API RefNum
write          41.23      41.23      41.23       0.00   10555.06   10555.06   10555.06       0.00   46.87961         NA            NA     0    768  64    1   1     1        1         0    0   1024 1073741824     4096    1932.9 posix      0
darshan_library_warning: unable to create log file /pscratch/darshanlogs/2022/4/13/glock_ior_id43509-26057_4-13-47728-1652151803743694752.darshan_partial.
Finished            : Wed Apr 13 13:16:16 2022
