IOR-3.4.0+dev: MPI Coordinated Test of Parallel I/O
Began               : Wed Apr 13 13:18:05 2022
Command line        : /global/u2/g/glock/src/iopup/src/ior/bin.muller/ior -D 45 -l random -a posix -F -e -g -vv -C --posix.odirect -w -t 4k -b 1g -s 1024 -z -o /mscratch/sd/g/glock/ost1/data-secondary.43509.out
Machine             : Linux nid001002 5.3.18-24.96_10.0.194-cray_shasta_c #1 SMP Wed Feb 16 04:24:37 UTC 2022 (50930b5) x86_64
TestID              : 0
StartTime           : Wed Apr 13 13:18:05 2022
Path                : /mscratch/sd/g/glock/ost1/data-secondary.43509.out.00000000
FS                  : 242.5 TiB   Used FS: 10.3%   Inodes: 244.8 Mi   Used Inodes: 17.0%
Participating tasks : 896
Using reorderTasks '-C' (useful to avoid read cache in client)

Options: 
api                 : posix
apiVersion          : 
test filename       : /mscratch/sd/g/glock/ost1/data-secondary.43509.out
access              : file-per-process
type                : independent
segments            : 1024
ordering in a file  : random
ordering inter file : constant task offset
task offset         : 1
nodes               : 14
tasks               : 896
clients per node    : 64
repetitions         : 1
xfersize            : 4096 bytes
blocksize           : 1 GiB
aggregate filesize  : 896 TiB
verbose             : 2
stonewallingTime    : 45
stoneWallingWearOut : 0

Results: 
Using Time Stamp 1649881085 (0x62572ffd) for Data Signature

access    bw(MiB/s)  IOPS       Latency(s)  block(KiB) xfer(KiB)  open(s)    wr/rd(s)   close(s)   total(s)   iter
------    ---------  ----       ----------  ---------- ---------  --------   --------   --------   --------   ----
Commencing write performance test: Wed Apr 13 13:18:05 2022
WARNING: Expected aggregate file size       = 985162418487296
WARNING: Stat() of aggregate file size      = 960722108416
WARNING: Using actual aggregate bytes moved = 2480459776
WARNING: Maybe caused by deadlineForStonewalling
write     50.87      13043      0.000173    1048576    4.00       0.074211   46.43      0.002575   46.51      0   
remove    -          -          -           -          -          -          -          -          0.012553   0   
Max Write: 50.87 MiB/sec (53.34 MB/sec)

Summary of all tests:
Operation   Max(MiB)   Min(MiB)  Mean(MiB)     StdDev   Max(OPs)   Min(OPs)  Mean(OPs)     StdDev    Mean(s) Stonewall(s) Stonewall(MiB) Test# #Tasks tPN reps fPP reord reordoff reordrand seed segcnt   blksiz    xsize aggs(MiB)   API RefNum
write          50.87      50.87      50.87       0.00   13021.77   13021.77   13021.77       0.00   46.50527         NA            NA     0    896  64    1   1     1        1         0    0   1024 1073741824     4096    2365.6 posix      0
darshan_library_warning: unable to create log file /pscratch/darshanlogs/2022/4/13/glock_ior_id43509-249454_4-13-47884-14155913589579733981.darshan_partial.
Finished            : Wed Apr 13 13:18:51 2022
